<?xml version="1.0" encoding="UTF-8"?>
<robot generator="Robot 7.4.1 (Python 3.13.7 on linux)" generated="2026-03-20T10:01:08.845735" rpa="false" schemaversion="5">
<suite id="s1" name="Dashboard Browser &amp; Session Task Navigation &amp; Views Coverage">
<suite id="s1-s1" name="Dashboard Browser" source="/home/oderid/Documents/Vibe/sarvaja/platform/tests/robot/e2e/dashboard_browser.robot">
<kw name="Open Dashboard Browser" owner="browser" type="SETUP">
<kw name="New Browser" owner="Browser">
<msg time="2026-03-20T10:01:08.956910" level="INFO">{"browser": "chromium", "headless": true, "chromiumSandbox": false, "devtools": false, "handleSIGHUP": true, "handleSIGINT": true, "handleSIGTERM": true, "slowMo": 0.0, "timeout": 30000.0, "tracesDir": "/home/oderid/Documents/Vibe/sarvaja/platform/results/robot/browser/traces/temp/553a7e23-09fa-4473-b1f0-bf1f1edaea59"}</msg>
<msg time="2026-03-20T10:01:08.960708" level="INFO">Starting Browser process /home/oderid/Documents/Vibe/sarvaja/platform/.venv/lib/python3.13/site-packages/Browser/wrapper/index.js using at 127.0.0.1:59297</msg>
<msg time="2026-03-20T10:01:09.331855" level="INFO">Successfully created browser with options: {"browser":"chromium","headless":true,"chromiumSandbox":false,"devtools":false,"handleSIGHUP":true,"handleSIGINT":true,"handleSIGTERM":true,"slowMo":0,"timeout":30000,"tracesDir":"/home/oderid/Documents/Vibe/sarvaja/platform/results/robot/browser/traces/temp/553a7e23-09fa-4473-b1f0-bf1f1edaea59"}</msg>
<arg>chromium</arg>
<arg>headless=True</arg>
<tag>BrowserControl</tag>
<tag>Setter</tag>
<doc>Create a new playwright Browser with specified options.</doc>
<status status="PASS" start="2026-03-20T10:01:08.956430" elapsed="0.375682"/>
</kw>
<kw name="New Context" owner="Browser">
<msg time="2026-03-20T10:01:09.333851" level="INFO">{
  "acceptDownloads": true,
  "bypassCSP": false,
  "forcedColors": "none",
  "ignoreHTTPSErrors": false,
  "javaScriptEnabled": true,
  "offline": false,
  "reducedMotion": "no-preference",
  "serviceWorkers": "allow",
  "viewport": {
    "width": 1280,
    "height": 720
  }
}</msg>
<msg time="2026-03-20T10:01:09.342261" level="INFO">Successfully created context. </msg>
<msg time="2026-03-20T10:01:09.342349" level="INFO">{'acceptDownloads': True, 'bypassCSP': False, 'forcedColors': 'none', 'ignoreHTTPSErrors': False, 'javaScriptEnabled': True, 'offline': False, 'reducedMotion': 'no-preference', 'serviceWorkers': 'allow', 'viewport': {'width': 1280, 'height': 720}}</msg>
<arg>viewport={'width': 1280, 'height': 720}</arg>
<tag>BrowserControl</tag>
<tag>Setter</tag>
<doc>Create a new BrowserContext with specified options.</doc>
<status status="PASS" start="2026-03-20T10:01:09.332354" elapsed="0.010072"/>
</kw>
<kw name="New Page" owner="Browser">
<msg time="2026-03-20T10:01:09.404999" level="INFO">Successfully initialized new page object and opened url: http://localhost:8081</msg>
<arg>${DASHBOARD_URL}</arg>
<tag>BrowserControl</tag>
<tag>Setter</tag>
<doc>Open a new Page.</doc>
<status status="PASS" start="2026-03-20T10:01:09.342609" elapsed="0.062609"/>
</kw>
<kw name="Wait For Elements State" owner="Browser">
<msg time="2026-03-20T10:01:10.862205" level="INFO">Waited for Element with selector [data-testid='app-bar'] &gt;&gt; text=Sarvaja Governance Dashboard at state visible</msg>
<arg>${APP_BAR_TITLE}</arg>
<arg>visible</arg>
<arg>timeout=${PAGE_TIMEOUT}</arg>
<tag>PageContent</tag>
<tag>Wait</tag>
<doc>Waits for the element found by ``selector`` to satisfy state option.</doc>
<status status="PASS" start="2026-03-20T10:01:09.405389" elapsed="1.457093"/>
</kw>
<kw name="Dismiss Vuetify Overlays" owner="browser">
<kw name="Sleep" owner="BuiltIn">
<msg time="2026-03-20T10:01:11.163706" level="INFO">Slept 300 milliseconds.</msg>
<arg>300ms</arg>
<doc>Pauses the test executed for the given time.</doc>
<status status="PASS" start="2026-03-20T10:01:10.863171" elapsed="0.300727"/>
</kw>
<kw name="Evaluate JavaScript" owner="Browser">
<msg time="2026-03-20T10:01:11.171835" level="INFO">JavaScript executed successfully.</msg>
<arg>${None}</arg>
<arg>() =&gt; {</arg>
<arg>document.querySelectorAll('.v-overlay:not(.v-dialog) &gt; .v-overlay__scrim').forEach(el =&gt; {</arg>
<arg>el.style.pointerEvents = 'none';</arg>
<arg>});</arg>
<arg>}</arg>
<tag>Getter</tag>
<tag>PageContent</tag>
<tag>Setter</tag>
<doc>Executes given javascript on the selected element(s) or on page.</doc>
<status status="PASS" start="2026-03-20T10:01:11.164199" elapsed="0.007816"/>
</kw>
<doc>Safety net: remove any residual overlay scrims.
GAP-OVERLAY-SCRIM: Root cause fixed in dashboard (VOverlay
replaced with non-blocking VProgressLinear + CSS pointer-events).</doc>
<status status="PASS" start="2026-03-20T10:01:10.862832" elapsed="0.309342"/>
</kw>
<doc>Open browser for test suite</doc>
<status status="PASS" start="2026-03-20T10:01:08.956031" elapsed="2.216226"/>
</kw>
<test id="s1-s1-t1" name="Dashboard Loads With Header" line="34">
<kw name="Navigate To Dashboard Home" owner="browser" type="SETUP">
<kw name="Go To" owner="Browser">
<msg time="2026-03-20T10:01:11.195097" level="INFO">Successfully opened URL http://localhost:8081</msg>
<arg>${DASHBOARD_URL}</arg>
<tag>BrowserControl</tag>
<tag>Setter</tag>
<doc>Navigates to the given ``url``.</doc>
<status status="PASS" start="2026-03-20T10:01:11.173247" elapsed="0.022041"/>
</kw>
<kw name="Reload" owner="Browser">
<msg time="2026-03-20T10:01:11.211475" level="INFO">Reloaded page with options: {"waitUntil": "load"}</msg>
<tag>BrowserControl</tag>
<tag>Setter</tag>
<doc>Reloads current active page.</doc>
<status status="PASS" start="2026-03-20T10:01:11.195439" elapsed="0.016247"/>
</kw>
<kw name="Wait For Elements State" owner="Browser">
<msg time="2026-03-20T10:01:11.563701" level="INFO">Waited for Element with selector [data-testid='app-bar'] &gt;&gt; text=Sarvaja Governance Dashboard at state visible</msg>
<arg>${APP_BAR_TITLE}</arg>
<arg>visible</arg>
<arg>timeout=20s</arg>
<tag>PageContent</tag>
<tag>Wait</tag>
<doc>Waits for the element found by ``selector`` to satisfy state option.</doc>
<status status="PASS" start="2026-03-20T10:01:11.211899" elapsed="0.351975"/>
</kw>
<kw name="Dismiss Vuetify Overlays" owner="browser">
<kw name="Sleep" owner="BuiltIn">
<msg time="2026-03-20T10:01:11.864694" level="INFO">Slept 300 milliseconds.</msg>
<arg>300ms</arg>
<doc>Pauses the test executed for the given time.</doc>
<status status="PASS" start="2026-03-20T10:01:11.564334" elapsed="0.300516"/>
</kw>
<kw name="Evaluate JavaScript" owner="Browser">
<msg time="2026-03-20T10:01:11.872073" level="INFO">JavaScript executed successfully.</msg>
<arg>${None}</arg>
<arg>() =&gt; {</arg>
<arg>document.querySelectorAll('.v-overlay:not(.v-dialog) &gt; .v-overlay__scrim').forEach(el =&gt; {</arg>
<arg>el.style.pointerEvents = 'none';</arg>
<arg>});</arg>
<arg>}</arg>
<tag>Getter</tag>
<tag>PageContent</tag>
<tag>Setter</tag>
<doc>Executes given javascript on the selected element(s) or on page.</doc>
<status status="PASS" start="2026-03-20T10:01:11.865144" elapsed="0.007065"/>
</kw>
<doc>Safety net: remove any residual overlay scrims.
GAP-OVERLAY-SCRIM: Root cause fixed in dashboard (VOverlay
replaced with non-blocking VProgressLinear + CSS pointer-events).</doc>
<status status="PASS" start="2026-03-20T10:01:11.564078" elapsed="0.308239"/>
</kw>
<doc>Navigate to dashboard and wait for app init</doc>
<status status="PASS" start="2026-03-20T10:01:11.172953" elapsed="0.699423"/>
</kw>
<kw name="Wait For Elements State" owner="Browser">
<msg time="2026-03-20T10:01:11.879351" level="INFO">Waited for Element with selector [data-testid='app-bar'] &gt;&gt; text=Sarvaja Governance Dashboard at state visible</msg>
<arg>${APP_BAR_TITLE}</arg>
<arg>visible</arg>
<tag>PageContent</tag>
<tag>Wait</tag>
<doc>Waits for the element found by ``selector`` to satisfy state option.</doc>
<status status="PASS" start="2026-03-20T10:01:11.872562" elapsed="0.006916"/>
</kw>
<kw name="Wait For Elements State" owner="Browser">
<msg time="2026-03-20T10:01:11.885270" level="INFO">Waited for Element with selector [data-testid='nav-rules'] at state visible</msg>
<arg>[data-testid='nav-rules']</arg>
<arg>visible</arg>
<tag>PageContent</tag>
<tag>Wait</tag>
<doc>Waits for the element found by ``selector`` to satisfy state option.</doc>
<status status="PASS" start="2026-03-20T10:01:11.879654" elapsed="0.005726"/>
</kw>
<doc>Dashboard loads with header and navigation</doc>
<tag>browser</tag>
<tag>critical</tag>
<tag>dashboard</tag>
<tag>e2e</tag>
<tag>navigation</tag>
<tag>read</tag>
<tag>session</tag>
<tag>smoke</tag>
<tag>TEST-BDD-01-v1</tag>
<tag>ui</tag>
<status status="PASS" start="2026-03-20T10:01:11.172364" elapsed="0.713268"/>
</test>
<test id="s1-s1-t2" name="Header Shows Stats" line="40">
<kw name="Navigate To Dashboard Home" owner="browser" type="SETUP">
<kw name="Go To" owner="Browser">
<msg time="2026-03-20T10:01:11.903396" level="INFO">Successfully opened URL http://localhost:8081</msg>
<arg>${DASHBOARD_URL}</arg>
<tag>BrowserControl</tag>
<tag>Setter</tag>
<doc>Navigates to the given ``url``.</doc>
<status status="PASS" start="2026-03-20T10:01:11.888480" elapsed="0.015105"/>
</kw>
<kw name="Reload" owner="Browser">
<msg time="2026-03-20T10:01:11.919986" level="INFO">Reloaded page with options: {"waitUntil": "load"}</msg>
<tag>BrowserControl</tag>
<tag>Setter</tag>
<doc>Reloads current active page.</doc>
<status status="PASS" start="2026-03-20T10:01:11.903748" elapsed="0.016451"/>
</kw>
<kw name="Wait For Elements State" owner="Browser">
<msg time="2026-03-20T10:01:12.186785" level="INFO">Waited for Element with selector [data-testid='app-bar'] &gt;&gt; text=Sarvaja Governance Dashboard at state visible</msg>
<arg>${APP_BAR_TITLE}</arg>
<arg>visible</arg>
<arg>timeout=20s</arg>
<tag>PageContent</tag>
<tag>Wait</tag>
<doc>Waits for the element found by ``selector`` to satisfy state option.</doc>
<status status="PASS" start="2026-03-20T10:01:11.920390" elapsed="0.266611"/>
</kw>
<kw name="Dismiss Vuetify Overlays" owner="browser">
<kw name="Sleep" owner="BuiltIn">
<msg time="2026-03-20T10:01:12.488094" level="INFO">Slept 300 milliseconds.</msg>
<arg>300ms</arg>
<doc>Pauses the test executed for the given time.</doc>
<status status="PASS" start="2026-03-20T10:01:12.187642" elapsed="0.300598"/>
</kw>
<kw name="Evaluate JavaScript" owner="Browser">
<msg time="2026-03-20T10:01:12.494667" level="INFO">JavaScript executed successfully.</msg>
<arg>${None}</arg>
<arg>() =&gt; {</arg>
<arg>document.querySelectorAll('.v-overlay:not(.v-dialog) &gt; .v-overlay__scrim').forEach(el =&gt; {</arg>
<arg>el.style.pointerEvents = 'none';</arg>
<arg>});</arg>
<arg>}</arg>
<tag>Getter</tag>
<tag>PageContent</tag>
<tag>Setter</tag>
<doc>Executes given javascript on the selected element(s) or on page.</doc>
<status status="PASS" start="2026-03-20T10:01:12.488454" elapsed="0.006354"/>
</kw>
<doc>Safety net: remove any residual overlay scrims.
GAP-OVERLAY-SCRIM: Root cause fixed in dashboard (VOverlay
replaced with non-blocking VProgressLinear + CSS pointer-events).</doc>
<status status="PASS" start="2026-03-20T10:01:12.187287" elapsed="0.307630"/>
</kw>
<doc>Navigate to dashboard and wait for app init</doc>
<status status="PASS" start="2026-03-20T10:01:11.888203" elapsed="0.606775"/>
</kw>
<kw name="Wait For Elements State" owner="Browser">
<msg time="2026-03-20T10:01:22.555745" level="INFO" html="true">&lt;/td&gt;&lt;/tr&gt;&lt;tr&gt;&lt;td colspan="3"&gt;&lt;a href="browser/screenshot/fail-screenshot-1.png" target="_blank"&gt;&lt;img src="browser/screenshot/fail-screenshot-1.png" width="800px"/&gt;&lt;/a&gt;</msg>
<msg time="2026-03-20T10:01:22.555878" level="INFO">See also file:///home/oderid/Documents/Vibe/sarvaja/platform/results/robot/playwright-log.txt for additional details.</msg>
<msg time="2026-03-20T10:01:22.556175" level="FAIL">TimeoutError: locator.waitFor: Timeout 10000ms exceeded.
Call log:
  - waiting for locator('text=/\\d+ Rules \\| \\d+ Decisions/') to be visible
</msg>
<arg>text=/\\d+ Rules \\| \\d+ Decisions/</arg>
<arg>visible</arg>
<tag>PageContent</tag>
<tag>Wait</tag>
<doc>Waits for the element found by ``selector`` to satisfy state option.</doc>
<status status="FAIL" start="2026-03-20T10:01:12.495129" elapsed="10.063077">TimeoutError: locator.waitFor: Timeout 10000ms exceeded.
Call log:
  - waiting for locator('text=/\\d+ Rules \\| \\d+ Decisions/') to be visible
</status>
</kw>
<doc>Header displays rule and decision counts</doc>
<tag>browser</tag>
<tag>critical</tag>
<tag>dashboard</tag>
<tag>e2e</tag>
<tag>navigation</tag>
<tag>read</tag>
<tag>session</tag>
<tag>TEST-BDD-01-v1</tag>
<tag>ui</tag>
<status status="FAIL" start="2026-03-20T10:01:11.887804" elapsed="10.670570">TimeoutError: locator.waitFor: Timeout 10000ms exceeded.
Call log:
  - waiting for locator('text=/\\d+ Rules \\| \\d+ Decisions/') to be visible
</status>
</test>
<test id="s1-s1-t3" name="Navigation Tabs Present" line="45">
<kw name="Navigate To Dashboard Home" owner="browser" type="SETUP">
<kw name="Go To" owner="Browser">
<msg time="2026-03-20T10:01:22.576392" level="INFO">Successfully opened URL http://localhost:8081</msg>
<arg>${DASHBOARD_URL}</arg>
<tag>BrowserControl</tag>
<tag>Setter</tag>
<doc>Navigates to the given ``url``.</doc>
<status status="PASS" start="2026-03-20T10:01:22.560416" elapsed="0.016224"/>
</kw>
<kw name="Reload" owner="Browser">
<msg time="2026-03-20T10:01:22.591866" level="INFO">Reloaded page with options: {"waitUntil": "load"}</msg>
<tag>BrowserControl</tag>
<tag>Setter</tag>
<doc>Reloads current active page.</doc>
<status status="PASS" start="2026-03-20T10:01:22.576812" elapsed="0.015281"/>
</kw>
<kw name="Wait For Elements State" owner="Browser">
<msg time="2026-03-20T10:01:22.812717" level="INFO">Waited for Element with selector [data-testid='app-bar'] &gt;&gt; text=Sarvaja Governance Dashboard at state visible</msg>
<arg>${APP_BAR_TITLE}</arg>
<arg>visible</arg>
<arg>timeout=20s</arg>
<tag>PageContent</tag>
<tag>Wait</tag>
<doc>Waits for the element found by ``selector`` to satisfy state option.</doc>
<status status="PASS" start="2026-03-20T10:01:22.592273" elapsed="0.220646"/>
</kw>
<kw name="Dismiss Vuetify Overlays" owner="browser">
<kw name="Sleep" owner="BuiltIn">
<msg time="2026-03-20T10:01:23.113944" level="INFO">Slept 300 milliseconds.</msg>
<arg>300ms</arg>
<doc>Pauses the test executed for the given time.</doc>
<status status="PASS" start="2026-03-20T10:01:22.813505" elapsed="0.300567"/>
</kw>
<kw name="Evaluate JavaScript" owner="Browser">
<msg time="2026-03-20T10:01:23.119355" level="INFO">JavaScript executed successfully.</msg>
<arg>${None}</arg>
<arg>() =&gt; {</arg>
<arg>document.querySelectorAll('.v-overlay:not(.v-dialog) &gt; .v-overlay__scrim').forEach(el =&gt; {</arg>
<arg>el.style.pointerEvents = 'none';</arg>
<arg>});</arg>
<arg>}</arg>
<tag>Getter</tag>
<tag>PageContent</tag>
<tag>Setter</tag>
<doc>Executes given javascript on the selected element(s) or on page.</doc>
<status status="PASS" start="2026-03-20T10:01:23.114260" elapsed="0.005260"/>
</kw>
<doc>Safety net: remove any residual overlay scrims.
GAP-OVERLAY-SCRIM: Root cause fixed in dashboard (VOverlay
replaced with non-blocking VProgressLinear + CSS pointer-events).</doc>
<status status="PASS" start="2026-03-20T10:01:22.813172" elapsed="0.306464"/>
</kw>
<doc>Navigate to dashboard and wait for app init</doc>
<status status="PASS" start="2026-03-20T10:01:22.560210" elapsed="0.559478"/>
</kw>
<kw name="Wait For Elements State" owner="Browser">
<msg time="2026-03-20T10:01:23.125422" level="INFO">Waited for Element with selector text=Rules &gt;&gt; nth=0 at state visible</msg>
<arg>text=Rules &gt;&gt; nth=0</arg>
<arg>visible</arg>
<tag>PageContent</tag>
<tag>Wait</tag>
<doc>Waits for the element found by ``selector`` to satisfy state option.</doc>
<status status="PASS" start="2026-03-20T10:01:23.119826" elapsed="0.005746"/>
</kw>
<kw name="Wait For Elements State" owner="Browser">
<msg time="2026-03-20T10:01:23.130934" level="INFO">Waited for Element with selector text=Agents &gt;&gt; nth=0 at state visible</msg>
<arg>text=Agents &gt;&gt; nth=0</arg>
<arg>visible</arg>
<tag>PageContent</tag>
<tag>Wait</tag>
<doc>Waits for the element found by ``selector`` to satisfy state option.</doc>
<status status="PASS" start="2026-03-20T10:01:23.125755" elapsed="0.005348"/>
</kw>
<kw name="Wait For Elements State" owner="Browser">
<msg time="2026-03-20T10:01:23.136824" level="INFO">Waited for Element with selector text=Tasks &gt;&gt; nth=0 at state visible</msg>
<arg>text=Tasks &gt;&gt; nth=0</arg>
<arg>visible</arg>
<tag>PageContent</tag>
<tag>Wait</tag>
<doc>Waits for the element found by ``selector`` to satisfy state option.</doc>
<status status="PASS" start="2026-03-20T10:01:23.131328" elapsed="0.005656"/>
</kw>
<kw name="Wait For Elements State" owner="Browser">
<msg time="2026-03-20T10:01:23.141544" level="INFO">Waited for Element with selector text=Sessions &gt;&gt; nth=0 at state visible</msg>
<arg>text=Sessions &gt;&gt; nth=0</arg>
<arg>visible</arg>
<tag>PageContent</tag>
<tag>Wait</tag>
<doc>Waits for the element found by ``selector`` to satisfy state option.</doc>
<status status="PASS" start="2026-03-20T10:01:23.137152" elapsed="0.004533"/>
</kw>
<kw name="Wait For Elements State" owner="Browser">
<msg time="2026-03-20T10:01:23.146113" level="INFO">Waited for Element with selector text=Trust &gt;&gt; nth=0 at state visible</msg>
<arg>text=Trust &gt;&gt; nth=0</arg>
<arg>visible</arg>
<tag>PageContent</tag>
<tag>Wait</tag>
<doc>Waits for the element found by ``selector`` to satisfy state option.</doc>
<status status="PASS" start="2026-03-20T10:01:23.141817" elapsed="0.004422"/>
</kw>
<doc>All navigation tabs are visible</doc>
<tag>browser</tag>
<tag>critical</tag>
<tag>dashboard</tag>
<tag>e2e</tag>
<tag>navigation</tag>
<tag>read</tag>
<tag>session</tag>
<tag>TEST-BDD-01-v1</tag>
<tag>ui</tag>
<status status="PASS" start="2026-03-20T10:01:22.559920" elapsed="0.586461"/>
</test>
<test id="s1-s1-t4" name="Navigate To Rules" line="54">
<kw name="Navigate To Dashboard Home" owner="browser" type="SETUP">
<kw name="Go To" owner="Browser">
<msg time="2026-03-20T10:01:23.163287" level="INFO">Successfully opened URL http://localhost:8081</msg>
<arg>${DASHBOARD_URL}</arg>
<tag>BrowserControl</tag>
<tag>Setter</tag>
<doc>Navigates to the given ``url``.</doc>
<status status="PASS" start="2026-03-20T10:01:23.148163" elapsed="0.015322"/>
</kw>
<kw name="Reload" owner="Browser">
<msg time="2026-03-20T10:01:23.177716" level="INFO">Reloaded page with options: {"waitUntil": "load"}</msg>
<tag>BrowserControl</tag>
<tag>Setter</tag>
<doc>Reloads current active page.</doc>
<status status="PASS" start="2026-03-20T10:01:23.163658" elapsed="0.014264"/>
</kw>
<kw name="Wait For Elements State" owner="Browser">
<msg time="2026-03-20T10:01:23.389093" level="INFO">Waited for Element with selector [data-testid='app-bar'] &gt;&gt; text=Sarvaja Governance Dashboard at state visible</msg>
<arg>${APP_BAR_TITLE}</arg>
<arg>visible</arg>
<arg>timeout=20s</arg>
<tag>PageContent</tag>
<tag>Wait</tag>
<doc>Waits for the element found by ``selector`` to satisfy state option.</doc>
<status status="PASS" start="2026-03-20T10:01:23.178097" elapsed="0.211614"/>
</kw>
<kw name="Dismiss Vuetify Overlays" owner="browser">
<kw name="Sleep" owner="BuiltIn">
<msg time="2026-03-20T10:01:23.691278" level="INFO">Slept 300 milliseconds.</msg>
<arg>300ms</arg>
<doc>Pauses the test executed for the given time.</doc>
<status status="PASS" start="2026-03-20T10:01:23.390736" elapsed="0.300705"/>
</kw>
<kw name="Evaluate JavaScript" owner="Browser">
<msg time="2026-03-20T10:01:23.697738" level="INFO">JavaScript executed successfully.</msg>
<arg>${None}</arg>
<arg>() =&gt; {</arg>
<arg>document.querySelectorAll('.v-overlay:not(.v-dialog) &gt; .v-overlay__scrim').forEach(el =&gt; {</arg>
<arg>el.style.pointerEvents = 'none';</arg>
<arg>});</arg>
<arg>}</arg>
<tag>Getter</tag>
<tag>PageContent</tag>
<tag>Setter</tag>
<doc>Executes given javascript on the selected element(s) or on page.</doc>
<status status="PASS" start="2026-03-20T10:01:23.691711" elapsed="0.006176"/>
</kw>
<doc>Safety net: remove any residual overlay scrims.
GAP-OVERLAY-SCRIM: Root cause fixed in dashboard (VOverlay
replaced with non-blocking VProgressLinear + CSS pointer-events).</doc>
<status status="PASS" start="2026-03-20T10:01:23.390180" elapsed="0.307813"/>
</kw>
<doc>Navigate to dashboard and wait for app init</doc>
<status status="PASS" start="2026-03-20T10:01:23.147940" elapsed="0.550109"/>
</kw>
<kw name="Click" owner="Browser">
<msg time="2026-03-20T10:01:23.698610" level="INFO">Clicks the element '[data-testid='nav-rules']'.</msg>
<arg>[data-testid='nav-rules']</arg>
<tag>PageContent</tag>
<tag>Setter</tag>
<doc>Simulates mouse click on the element found by ``selector``.</doc>
<status status="PASS" start="2026-03-20T10:01:23.698189" elapsed="0.075969"/>
</kw>
<kw name="Get Element Count" owner="Browser">
<msg time="2026-03-20T10:01:23.782028" level="INFO">${list_count} = 0</msg>
<var>${list_count}</var>
<arg>text=/\\d+ rules loaded/</arg>
<tag>Assertion</tag>
<tag>Getter</tag>
<tag>PageContent</tag>
<doc>Returns the count of elements found with ``selector``.</doc>
<status status="PASS" start="2026-03-20T10:01:23.774351" elapsed="0.007722"/>
</kw>
<if>
<branch type="IF" condition="${list_count} == 0">
<kw name="Get Element Count" owner="Browser">
<msg time="2026-03-20T10:01:23.786913" level="INFO">${back_count} = 0</msg>
<var>${back_count}</var>
<arg>button:has-text("󰁍")</arg>
<tag>Assertion</tag>
<tag>Getter</tag>
<tag>PageContent</tag>
<doc>Returns the count of elements found with ``selector``.</doc>
<status status="PASS" start="2026-03-20T10:01:23.782493" elapsed="0.004460"/>
</kw>
<if>
<branch type="IF" condition="${back_count} &gt; 0">
<kw name="Click" owner="Browser">
<arg>button:has-text("󰁍") &gt;&gt; nth=0</arg>
<tag>PageContent</tag>
<tag>Setter</tag>
<doc>Simulates mouse click on the element found by ``selector``.</doc>
<status status="NOT RUN" start="2026-03-20T10:01:23.787328" elapsed="0.000051"/>
</kw>
<status status="NOT RUN" start="2026-03-20T10:01:23.787073" elapsed="0.000348"/>
</branch>
<status status="PASS" start="2026-03-20T10:01:23.787049" elapsed="0.000409"/>
</if>
<status status="PASS" start="2026-03-20T10:01:23.782211" elapsed="0.005267"/>
</branch>
<status status="PASS" start="2026-03-20T10:01:23.782177" elapsed="0.005325"/>
</if>
<kw name="Wait For Elements State" owner="Browser">
<msg time="2026-03-20T10:01:43.838881" level="INFO" html="true">&lt;/td&gt;&lt;/tr&gt;&lt;tr&gt;&lt;td colspan="3"&gt;&lt;a href="browser/screenshot/fail-screenshot-2.png" target="_blank"&gt;&lt;img src="browser/screenshot/fail-screenshot-2.png" width="800px"/&gt;&lt;/a&gt;</msg>
<msg time="2026-03-20T10:01:43.839015" level="INFO">See also file:///home/oderid/Documents/Vibe/sarvaja/platform/results/robot/playwright-log.txt for additional details.</msg>
<msg time="2026-03-20T10:01:43.839121" level="FAIL">TimeoutError: locator.waitFor: Timeout 20000ms exceeded.
Call log:
  - waiting for locator('text=/\\d+ rules loaded/') to be visible
</msg>
<arg>text=/\\d+ rules loaded/</arg>
<arg>visible</arg>
<arg>timeout=20s</arg>
<tag>PageContent</tag>
<tag>Wait</tag>
<doc>Waits for the element found by ``selector`` to satisfy state option.</doc>
<status status="FAIL" start="2026-03-20T10:01:23.787568" elapsed="20.052583">TimeoutError: locator.waitFor: Timeout 20000ms exceeded.
Call log:
  - waiting for locator('text=/\\d+ rules loaded/') to be visible
</status>
</kw>
<doc>Can navigate to Rules view</doc>
<tag>browser</tag>
<tag>critical</tag>
<tag>dashboard</tag>
<tag>e2e</tag>
<tag>navigation</tag>
<tag>read</tag>
<tag>session</tag>
<tag>TEST-BDD-01-v1</tag>
<tag>ui</tag>
<status status="FAIL" start="2026-03-20T10:01:23.147630" elapsed="20.692677">TimeoutError: locator.waitFor: Timeout 20000ms exceeded.
Call log:
  - waiting for locator('text=/\\d+ rules loaded/') to be visible
</status>
</test>
<test id="s1-s1-t5" name="Navigate To Agents" line="68">
<kw name="Navigate To Agents View" type="SETUP">
<kw name="Navigate To Agents List" owner="browser">
<kw name="Navigate To Dashboard Home" owner="browser">
<kw name="Go To" owner="Browser">
<msg time="2026-03-20T10:01:43.857220" level="INFO">Successfully opened URL http://localhost:8081</msg>
<arg>${DASHBOARD_URL}</arg>
<tag>BrowserControl</tag>
<tag>Setter</tag>
<doc>Navigates to the given ``url``.</doc>
<status status="PASS" start="2026-03-20T10:01:43.842621" elapsed="0.014792"/>
</kw>
<kw name="Reload" owner="Browser">
<msg time="2026-03-20T10:01:43.872169" level="INFO">Reloaded page with options: {"waitUntil": "load"}</msg>
<tag>BrowserControl</tag>
<tag>Setter</tag>
<doc>Reloads current active page.</doc>
<status status="PASS" start="2026-03-20T10:01:43.857651" elapsed="0.014721"/>
</kw>
<kw name="Wait For Elements State" owner="Browser">
<msg time="2026-03-20T10:01:44.191695" level="INFO">Waited for Element with selector [data-testid='app-bar'] &gt;&gt; text=Sarvaja Governance Dashboard at state visible</msg>
<arg>${APP_BAR_TITLE}</arg>
<arg>visible</arg>
<arg>timeout=20s</arg>
<tag>PageContent</tag>
<tag>Wait</tag>
<doc>Waits for the element found by ``selector`` to satisfy state option.</doc>
<status status="PASS" start="2026-03-20T10:01:43.872545" elapsed="0.319326"/>
</kw>
<kw name="Dismiss Vuetify Overlays" owner="browser">
<kw name="Sleep" owner="BuiltIn">
<msg time="2026-03-20T10:01:44.492670" level="INFO">Slept 300 milliseconds.</msg>
<arg>300ms</arg>
<doc>Pauses the test executed for the given time.</doc>
<status status="PASS" start="2026-03-20T10:01:44.192329" elapsed="0.300503"/>
</kw>
<kw name="Evaluate JavaScript" owner="Browser">
<msg time="2026-03-20T10:01:44.497992" level="INFO">JavaScript executed successfully.</msg>
<arg>${None}</arg>
<arg>() =&gt; {</arg>
<arg>document.querySelectorAll('.v-overlay:not(.v-dialog) &gt; .v-overlay__scrim').forEach(el =&gt; {</arg>
<arg>el.style.pointerEvents = 'none';</arg>
<arg>});</arg>
<arg>}</arg>
<tag>Getter</tag>
<tag>PageContent</tag>
<tag>Setter</tag>
<doc>Executes given javascript on the selected element(s) or on page.</doc>
<status status="PASS" start="2026-03-20T10:01:44.493055" elapsed="0.005087"/>
</kw>
<doc>Safety net: remove any residual overlay scrims.
GAP-OVERLAY-SCRIM: Root cause fixed in dashboard (VOverlay
replaced with non-blocking VProgressLinear + CSS pointer-events).</doc>
<status status="PASS" start="2026-03-20T10:01:44.192076" elapsed="0.306184"/>
</kw>
<doc>Navigate to dashboard and wait for app init</doc>
<status status="PASS" start="2026-03-20T10:01:43.842441" elapsed="0.655880"/>
</kw>
<kw name="Click Nav Item" owner="browser">
<kw name="Dismiss Vuetify Overlays" owner="browser">
<kw name="Sleep" owner="BuiltIn">
<msg time="2026-03-20T10:01:44.799495" level="INFO">Slept 300 milliseconds.</msg>
<arg>300ms</arg>
<doc>Pauses the test executed for the given time.</doc>
<status status="PASS" start="2026-03-20T10:01:44.499104" elapsed="0.300613"/>
</kw>
<kw name="Evaluate JavaScript" owner="Browser">
<msg time="2026-03-20T10:01:44.804721" level="INFO">JavaScript executed successfully.</msg>
<arg>${None}</arg>
<arg>() =&gt; {</arg>
<arg>document.querySelectorAll('.v-overlay:not(.v-dialog) &gt; .v-overlay__scrim').forEach(el =&gt; {</arg>
<arg>el.style.pointerEvents = 'none';</arg>
<arg>});</arg>
<arg>}</arg>
<tag>Getter</tag>
<tag>PageContent</tag>
<tag>Setter</tag>
<doc>Executes given javascript on the selected element(s) or on page.</doc>
<status status="PASS" start="2026-03-20T10:01:44.799974" elapsed="0.004890"/>
</kw>
<doc>Safety net: remove any residual overlay scrims.
GAP-OVERLAY-SCRIM: Root cause fixed in dashboard (VOverlay
replaced with non-blocking VProgressLinear + CSS pointer-events).</doc>
<status status="PASS" start="2026-03-20T10:01:44.498879" elapsed="0.306104"/>
</kw>
<kw name="Click" owner="Browser">
<msg time="2026-03-20T10:01:44.805608" level="INFO">Clicks the element '[data-testid='nav-agents']'.</msg>
<arg>[data-testid='${testid}']</arg>
<tag>PageContent</tag>
<tag>Setter</tag>
<doc>Simulates mouse click on the element found by ``selector``.</doc>
<status status="PASS" start="2026-03-20T10:01:44.805116" elapsed="0.050766"/>
</kw>
<kw name="Sleep" owner="BuiltIn">
<msg time="2026-03-20T10:01:46.856535" level="INFO">Slept 2 seconds.</msg>
<arg>2s</arg>
<doc>Pauses the test executed for the given time.</doc>
<status status="PASS" start="2026-03-20T10:01:44.856067" elapsed="2.000826"/>
</kw>
<arg>nav-agents</arg>
<doc>Click a navigation item, removing overlays first</doc>
<status status="PASS" start="2026-03-20T10:01:44.498509" elapsed="2.358542"/>
</kw>
<kw name="Get Element Count" owner="Browser">
<msg time="2026-03-20T10:01:46.864562" level="INFO">${list_count} = 0</msg>
<var>${list_count}</var>
<arg>text=/\\d+ agents registered/</arg>
<tag>Assertion</tag>
<tag>Getter</tag>
<tag>PageContent</tag>
<doc>Returns the count of elements found with ``selector``.</doc>
<status status="PASS" start="2026-03-20T10:01:46.857266" elapsed="0.007364"/>
</kw>
<if>
<branch type="IF" condition="${list_count} == 0">
<kw name="Click Back Button If Detail View" owner="browser">
<if>
<branch type="IF" condition="'${back_testid}' != '${EMPTY}'">
<kw name="Get Element Count" owner="Browser">
<msg time="2026-03-20T10:01:46.870688" level="INFO">${testid_count} = 1</msg>
<var>${testid_count}</var>
<arg>[data-testid='${back_testid}']</arg>
<tag>Assertion</tag>
<tag>Getter</tag>
<tag>PageContent</tag>
<doc>Returns the count of elements found with ``selector``.</doc>
<status status="PASS" start="2026-03-20T10:01:46.866101" elapsed="0.004639"/>
</kw>
<if>
<branch type="IF" condition="${testid_count} &gt; 0">
<kw name="Click" owner="Browser">
<msg time="2026-03-20T10:01:46.871500" level="INFO">Clicks the element '[data-testid='agent-detail-back-btn']'.</msg>
<arg>[data-testid='${back_testid}']</arg>
<tag>PageContent</tag>
<tag>Setter</tag>
<doc>Simulates mouse click on the element found by ``selector``.</doc>
<status status="PASS" start="2026-03-20T10:01:46.871093" elapsed="0.027549"/>
</kw>
<return>
<status status="PASS" start="2026-03-20T10:01:46.898779" elapsed="0.000158"/>
</return>
<status status="PASS" start="2026-03-20T10:01:46.870855" elapsed="0.028149"/>
</branch>
<status status="PASS" start="2026-03-20T10:01:46.870833" elapsed="0.028218"/>
</if>
<status status="PASS" start="2026-03-20T10:01:46.865585" elapsed="0.033498"/>
</branch>
<status status="PASS" start="2026-03-20T10:01:46.865568" elapsed="0.033548"/>
</if>
<kw name="Get Element Count" owner="Browser">
<var>${btn_count}</var>
<arg>button:has-text("󰁍")</arg>
<tag>Assertion</tag>
<tag>Getter</tag>
<tag>PageContent</tag>
<doc>Returns the count of elements found with ``selector``.</doc>
<status status="NOT RUN" start="2026-03-20T10:01:46.899247" elapsed="0.000080"/>
</kw>
<if>
<branch type="IF" condition="${btn_count} &gt; 0">
<kw name="Click" owner="Browser">
<arg>button:has-text("󰁍") &gt;&gt; nth=0</arg>
<tag>PageContent</tag>
<tag>Setter</tag>
<doc>Simulates mouse click on the element found by ``selector``.</doc>
<status status="NOT RUN" start="2026-03-20T10:01:46.899574" elapsed="0.000076"/>
</kw>
<status status="NOT RUN" start="2026-03-20T10:01:46.899433" elapsed="0.000271"/>
</branch>
<status status="NOT RUN" start="2026-03-20T10:01:46.899411" elapsed="0.000330"/>
</if>
<arg>back_testid=agent-detail-back-btn</arg>
<doc>Click back button if in detail view (SPA state handling)</doc>
<status status="PASS" start="2026-03-20T10:01:46.865273" elapsed="0.034527"/>
</kw>
<status status="PASS" start="2026-03-20T10:01:46.864785" elapsed="0.035058"/>
</branch>
<status status="PASS" start="2026-03-20T10:01:46.864752" elapsed="0.035129"/>
</if>
<kw name="Wait For Elements State" owner="Browser">
<msg time="2026-03-20T10:01:46.931158" level="INFO">Waited for Element with selector text=/\d+ agents registered/ at state visible</msg>
<arg>text=/\\d+ agents registered/</arg>
<arg>visible</arg>
<arg>timeout=20s</arg>
<tag>PageContent</tag>
<tag>Wait</tag>
<doc>Waits for the element found by ``selector`` to satisfy state option.</doc>
<status status="PASS" start="2026-03-20T10:01:46.899977" elapsed="0.031356"/>
</kw>
<doc>Navigate to Agents list (handles detail-open SPA state)</doc>
<status status="PASS" start="2026-03-20T10:01:43.842280" elapsed="3.089157"/>
</kw>
<doc>Navigate to Agents view (handles detail-open state)</doc>
<status status="PASS" start="2026-03-20T10:01:43.842020" elapsed="3.089466"/>
</kw>
<kw name="Wait For Elements State" owner="Browser">
<msg time="2026-03-20T10:01:46.935405" level="INFO">Waited for Element with selector text=Registered Agents at state visible</msg>
<arg>text=Registered Agents</arg>
<arg>visible</arg>
<tag>PageContent</tag>
<tag>Wait</tag>
<doc>Waits for the element found by ``selector`` to satisfy state option.</doc>
<status status="PASS" start="2026-03-20T10:01:46.931631" elapsed="0.003881"/>
</kw>
<doc>Can navigate to Agents view</doc>
<tag>browser</tag>
<tag>critical</tag>
<tag>dashboard</tag>
<tag>e2e</tag>
<tag>navigation</tag>
<tag>read</tag>
<tag>session</tag>
<tag>TEST-BDD-01-v1</tag>
<tag>ui</tag>
<status status="PASS" start="2026-03-20T10:01:43.841737" elapsed="3.093972"/>
</test>
<test id="s1-s1-t6" name="Navigate To Tasks" line="74">
<kw name="Navigate To Dashboard Home" owner="browser" type="SETUP">
<kw name="Go To" owner="Browser">
<msg time="2026-03-20T10:01:46.952057" level="INFO">Successfully opened URL http://localhost:8081</msg>
<arg>${DASHBOARD_URL}</arg>
<tag>BrowserControl</tag>
<tag>Setter</tag>
<doc>Navigates to the given ``url``.</doc>
<status status="PASS" start="2026-03-20T10:01:46.937809" elapsed="0.014501"/>
</kw>
<kw name="Reload" owner="Browser">
<msg time="2026-03-20T10:01:46.967867" level="INFO">Reloaded page with options: {"waitUntil": "load"}</msg>
<tag>BrowserControl</tag>
<tag>Setter</tag>
<doc>Reloads current active page.</doc>
<status status="PASS" start="2026-03-20T10:01:46.952541" elapsed="0.015541"/>
</kw>
<kw name="Wait For Elements State" owner="Browser">
<msg time="2026-03-20T10:01:47.251216" level="INFO">Waited for Element with selector [data-testid='app-bar'] &gt;&gt; text=Sarvaja Governance Dashboard at state visible</msg>
<arg>${APP_BAR_TITLE}</arg>
<arg>visible</arg>
<arg>timeout=20s</arg>
<tag>PageContent</tag>
<tag>Wait</tag>
<doc>Waits for the element found by ``selector`` to satisfy state option.</doc>
<status status="PASS" start="2026-03-20T10:01:46.968236" elapsed="0.283188"/>
</kw>
<kw name="Dismiss Vuetify Overlays" owner="browser">
<kw name="Sleep" owner="BuiltIn">
<msg time="2026-03-20T10:01:47.552296" level="INFO">Slept 300 milliseconds.</msg>
<arg>300ms</arg>
<doc>Pauses the test executed for the given time.</doc>
<status status="PASS" start="2026-03-20T10:01:47.251909" elapsed="0.300549"/>
</kw>
<kw name="Evaluate JavaScript" owner="Browser">
<msg time="2026-03-20T10:01:47.558189" level="INFO">JavaScript executed successfully.</msg>
<arg>${None}</arg>
<arg>() =&gt; {</arg>
<arg>document.querySelectorAll('.v-overlay:not(.v-dialog) &gt; .v-overlay__scrim').forEach(el =&gt; {</arg>
<arg>el.style.pointerEvents = 'none';</arg>
<arg>});</arg>
<arg>}</arg>
<tag>Getter</tag>
<tag>PageContent</tag>
<tag>Setter</tag>
<doc>Executes given javascript on the selected element(s) or on page.</doc>
<status status="PASS" start="2026-03-20T10:01:47.552691" elapsed="0.005672"/>
</kw>
<doc>Safety net: remove any residual overlay scrims.
GAP-OVERLAY-SCRIM: Root cause fixed in dashboard (VOverlay
replaced with non-blocking VProgressLinear + CSS pointer-events).</doc>
<status status="PASS" start="2026-03-20T10:01:47.251654" elapsed="0.306831"/>
</kw>
<doc>Navigate to dashboard and wait for app init</doc>
<status status="PASS" start="2026-03-20T10:01:46.937495" elapsed="0.621049"/>
</kw>
<kw name="Click" owner="Browser">
<msg time="2026-03-20T10:01:47.559181" level="INFO">Clicks the element '[data-testid='nav-tasks']'.</msg>
<arg>[data-testid='nav-tasks']</arg>
<tag>PageContent</tag>
<tag>Setter</tag>
<doc>Simulates mouse click on the element found by ``selector``.</doc>
<status status="PASS" start="2026-03-20T10:01:47.558720" elapsed="0.066376"/>
</kw>
<kw name="Sleep" owner="BuiltIn">
<msg time="2026-03-20T10:01:48.625708" level="INFO">Slept 1 second.</msg>
<arg>1s</arg>
<doc>Pauses the test executed for the given time.</doc>
<status status="PASS" start="2026-03-20T10:01:47.625270" elapsed="1.000624"/>
</kw>
<kw name="Get Element Count" owner="Browser">
<msg time="2026-03-20T10:01:48.634554" level="INFO">${list_count} = 0</msg>
<var>${list_count}</var>
<arg>text=/\\d+ tasks loaded/</arg>
<tag>Assertion</tag>
<tag>Getter</tag>
<tag>PageContent</tag>
<doc>Returns the count of elements found with ``selector``.</doc>
<status status="PASS" start="2026-03-20T10:01:48.626145" elapsed="0.008466"/>
</kw>
<if>
<branch type="IF" condition="${list_count} == 0">
<kw name="Get Element Count" owner="Browser">
<msg time="2026-03-20T10:01:48.640212" level="INFO">${back_count} = 0</msg>
<var>${back_count}</var>
<arg>button:has-text("󰁍")</arg>
<tag>Assertion</tag>
<tag>Getter</tag>
<tag>PageContent</tag>
<doc>Returns the count of elements found with ``selector``.</doc>
<status status="PASS" start="2026-03-20T10:01:48.635055" elapsed="0.005200"/>
</kw>
<if>
<branch type="IF" condition="${back_count} &gt; 0">
<kw name="Click" owner="Browser">
<arg>button:has-text("󰁍") &gt;&gt; nth=0</arg>
<tag>PageContent</tag>
<tag>Setter</tag>
<doc>Simulates mouse click on the element found by ``selector``.</doc>
<status status="NOT RUN" start="2026-03-20T10:01:48.640657" elapsed="0.000083"/>
</kw>
<status status="NOT RUN" start="2026-03-20T10:01:48.640379" elapsed="0.000415"/>
</branch>
<status status="PASS" start="2026-03-20T10:01:48.640355" elapsed="0.000482"/>
</if>
<status status="PASS" start="2026-03-20T10:01:48.634760" elapsed="0.006099"/>
</branch>
<status status="PASS" start="2026-03-20T10:01:48.634732" elapsed="0.006158"/>
</if>
<kw name="Wait For Elements State" owner="Browser">
<msg time="2026-03-20T10:02:08.687336" level="INFO" html="true">&lt;/td&gt;&lt;/tr&gt;&lt;tr&gt;&lt;td colspan="3"&gt;&lt;a href="browser/screenshot/fail-screenshot-3.png" target="_blank"&gt;&lt;img src="browser/screenshot/fail-screenshot-3.png" width="800px"/&gt;&lt;/a&gt;</msg>
<msg time="2026-03-20T10:02:08.687478" level="INFO">See also file:///home/oderid/Documents/Vibe/sarvaja/platform/results/robot/playwright-log.txt for additional details.</msg>
<msg time="2026-03-20T10:02:08.687569" level="FAIL">TimeoutError: locator.waitFor: Timeout 20000ms exceeded.
Call log:
  - waiting for locator('text=/\\d+ tasks loaded/') to be visible
</msg>
<arg>text=/\\d+ tasks loaded/</arg>
<arg>visible</arg>
<arg>timeout=20s</arg>
<tag>PageContent</tag>
<tag>Wait</tag>
<doc>Waits for the element found by ``selector`` to satisfy state option.</doc>
<status status="FAIL" start="2026-03-20T10:01:48.640969" elapsed="20.047648">TimeoutError: locator.waitFor: Timeout 20000ms exceeded.
Call log:
  - waiting for locator('text=/\\d+ tasks loaded/') to be visible
</status>
</kw>
<doc>Can navigate to Tasks view</doc>
<tag>browser</tag>
<tag>critical</tag>
<tag>dashboard</tag>
<tag>e2e</tag>
<tag>navigation</tag>
<tag>read</tag>
<tag>session</tag>
<tag>TEST-BDD-01-v1</tag>
<tag>ui</tag>
<status status="FAIL" start="2026-03-20T10:01:46.937139" elapsed="21.751624">TimeoutError: locator.waitFor: Timeout 20000ms exceeded.
Call log:
  - waiting for locator('text=/\\d+ tasks loaded/') to be visible
</status>
</test>
<test id="s1-s1-t7" name="Navigate To Sessions" line="89">
<kw name="Navigate To Dashboard Home" owner="browser" type="SETUP">
<kw name="Go To" owner="Browser">
<msg time="2026-03-20T10:02:08.705873" level="INFO">Successfully opened URL http://localhost:8081</msg>
<arg>${DASHBOARD_URL}</arg>
<tag>BrowserControl</tag>
<tag>Setter</tag>
<doc>Navigates to the given ``url``.</doc>
<status status="PASS" start="2026-03-20T10:02:08.690581" elapsed="0.015502"/>
</kw>
<kw name="Reload" owner="Browser">
<msg time="2026-03-20T10:02:08.721014" level="INFO">Reloaded page with options: {"waitUntil": "load"}</msg>
<tag>BrowserControl</tag>
<tag>Setter</tag>
<doc>Reloads current active page.</doc>
<status status="PASS" start="2026-03-20T10:02:08.706276" elapsed="0.014996"/>
</kw>
<kw name="Wait For Elements State" owner="Browser">
<msg time="2026-03-20T10:02:09.072073" level="INFO">Waited for Element with selector [data-testid='app-bar'] &gt;&gt; text=Sarvaja Governance Dashboard at state visible</msg>
<arg>${APP_BAR_TITLE}</arg>
<arg>visible</arg>
<arg>timeout=20s</arg>
<tag>PageContent</tag>
<tag>Wait</tag>
<doc>Waits for the element found by ``selector`` to satisfy state option.</doc>
<status status="PASS" start="2026-03-20T10:02:08.721491" elapsed="0.350822"/>
</kw>
<kw name="Dismiss Vuetify Overlays" owner="browser">
<kw name="Sleep" owner="BuiltIn">
<msg time="2026-03-20T10:02:09.373314" level="INFO">Slept 300 milliseconds.</msg>
<arg>300ms</arg>
<doc>Pauses the test executed for the given time.</doc>
<status status="PASS" start="2026-03-20T10:02:09.072840" elapsed="0.300636"/>
</kw>
<kw name="Evaluate JavaScript" owner="Browser">
<msg time="2026-03-20T10:02:09.379500" level="INFO">JavaScript executed successfully.</msg>
<arg>${None}</arg>
<arg>() =&gt; {</arg>
<arg>document.querySelectorAll('.v-overlay:not(.v-dialog) &gt; .v-overlay__scrim').forEach(el =&gt; {</arg>
<arg>el.style.pointerEvents = 'none';</arg>
<arg>});</arg>
<arg>}</arg>
<tag>Getter</tag>
<tag>PageContent</tag>
<tag>Setter</tag>
<doc>Executes given javascript on the selected element(s) or on page.</doc>
<status status="PASS" start="2026-03-20T10:02:09.373731" elapsed="0.005960"/>
</kw>
<doc>Safety net: remove any residual overlay scrims.
GAP-OVERLAY-SCRIM: Root cause fixed in dashboard (VOverlay
replaced with non-blocking VProgressLinear + CSS pointer-events).</doc>
<status status="PASS" start="2026-03-20T10:02:09.072548" elapsed="0.307263"/>
</kw>
<doc>Navigate to dashboard and wait for app init</doc>
<status status="PASS" start="2026-03-20T10:02:08.690374" elapsed="0.689496"/>
</kw>
<kw name="Click" owner="Browser">
<msg time="2026-03-20T10:02:09.380460" level="INFO">Clicks the element '[data-testid='nav-sessions']'.</msg>
<arg>[data-testid='nav-sessions']</arg>
<tag>PageContent</tag>
<tag>Setter</tag>
<doc>Simulates mouse click on the element found by ``selector``.</doc>
<status status="PASS" start="2026-03-20T10:02:09.380019" elapsed="0.141224"/>
</kw>
<kw name="Get Element Count" owner="Browser">
<msg time="2026-03-20T10:02:09.533531" level="INFO">${list_count} = 1</msg>
<var>${list_count}</var>
<arg>text=Session Evidence</arg>
<tag>Assertion</tag>
<tag>Getter</tag>
<tag>PageContent</tag>
<doc>Returns the count of elements found with ``selector``.</doc>
<status status="PASS" start="2026-03-20T10:02:09.521444" elapsed="0.012129"/>
</kw>
<if>
<branch type="IF" condition="${list_count} == 0">
<kw name="Get Element Count" owner="Browser">
<var>${back_count}</var>
<arg>[data-testid='session-detail-back-btn']</arg>
<tag>Assertion</tag>
<tag>Getter</tag>
<tag>PageContent</tag>
<doc>Returns the count of elements found with ``selector``.</doc>
<status status="NOT RUN" start="2026-03-20T10:02:09.533946" elapsed="0.000045"/>
</kw>
<if>
<branch type="IF" condition="${back_count} &gt; 0">
<kw name="Click" owner="Browser">
<arg>[data-testid='session-detail-back-btn']</arg>
<tag>PageContent</tag>
<tag>Setter</tag>
<doc>Simulates mouse click on the element found by ``selector``.</doc>
<status status="NOT RUN" start="2026-03-20T10:02:09.534125" elapsed="0.000036"/>
</kw>
<status status="NOT RUN" start="2026-03-20T10:02:09.534047" elapsed="0.000144"/>
</branch>
<branch type="ELSE">
<kw name="Get Element Count" owner="Browser">
<var>${btn_count}</var>
<arg>button:has-text("󰁍")</arg>
<tag>Assertion</tag>
<tag>Getter</tag>
<tag>PageContent</tag>
<doc>Returns the count of elements found with ``selector``.</doc>
<status status="NOT RUN" start="2026-03-20T10:02:09.534294" elapsed="0.000036"/>
</kw>
<if>
<branch type="IF" condition="${btn_count} &gt; 0">
<kw name="Click" owner="Browser">
<arg>button:has-text("󰁍") &gt;&gt; nth=0</arg>
<tag>PageContent</tag>
<tag>Setter</tag>
<doc>Simulates mouse click on the element found by ``selector``.</doc>
<status status="NOT RUN" start="2026-03-20T10:02:09.534451" elapsed="0.000034"/>
</kw>
<status status="NOT RUN" start="2026-03-20T10:02:09.534381" elapsed="0.000135"/>
</branch>
<status status="NOT RUN" start="2026-03-20T10:02:09.534371" elapsed="0.000169"/>
</if>
<status status="NOT RUN" start="2026-03-20T10:02:09.534219" elapsed="0.000335"/>
</branch>
<status status="NOT RUN" start="2026-03-20T10:02:09.534036" elapsed="0.000537"/>
</if>
<status status="NOT RUN" start="2026-03-20T10:02:09.533696" elapsed="0.000888"/>
</branch>
<status status="PASS" start="2026-03-20T10:02:09.533671" elapsed="0.000941"/>
</if>
<kw name="Wait For Elements State" owner="Browser">
<msg time="2026-03-20T10:02:09.543890" level="INFO">Waited for Element with selector text=Session Evidence at state visible</msg>
<arg>text=Session Evidence</arg>
<arg>visible</arg>
<arg>timeout=20s</arg>
<tag>PageContent</tag>
<tag>Wait</tag>
<doc>Waits for the element found by ``selector`` to satisfy state option.</doc>
<status status="PASS" start="2026-03-20T10:02:09.534663" elapsed="0.009405"/>
</kw>
<doc>Can navigate to Sessions view</doc>
<tag>browser</tag>
<tag>critical</tag>
<tag>dashboard</tag>
<tag>e2e</tag>
<tag>navigation</tag>
<tag>read</tag>
<tag>session</tag>
<tag>TEST-BDD-01-v1</tag>
<tag>ui</tag>
<status status="PASS" start="2026-03-20T10:02:08.690075" elapsed="0.854129"/>
</test>
<test id="s1-s1-t8" name="Navigate To Trust" line="108">
<kw name="Navigate To Trust View" owner="browser" type="SETUP">
<kw name="Navigate To Dashboard Home" owner="browser">
<kw name="Go To" owner="Browser">
<msg time="2026-03-20T10:02:10.237210" level="INFO">Successfully opened URL http://localhost:8081</msg>
<arg>${DASHBOARD_URL}</arg>
<tag>BrowserControl</tag>
<tag>Setter</tag>
<doc>Navigates to the given ``url``.</doc>
<status status="PASS" start="2026-03-20T10:02:09.546333" elapsed="0.691072"/>
</kw>
<kw name="Reload" owner="Browser">
<msg time="2026-03-20T10:02:10.254154" level="INFO">Reloaded page with options: {"waitUntil": "load"}</msg>
<tag>BrowserControl</tag>
<tag>Setter</tag>
<doc>Reloads current active page.</doc>
<status status="PASS" start="2026-03-20T10:02:10.237569" elapsed="0.016979"/>
</kw>
<kw name="Wait For Elements State" owner="Browser">
<msg time="2026-03-20T10:02:10.706648" level="INFO">Waited for Element with selector [data-testid='app-bar'] &gt;&gt; text=Sarvaja Governance Dashboard at state visible</msg>
<arg>${APP_BAR_TITLE}</arg>
<arg>visible</arg>
<arg>timeout=20s</arg>
<tag>PageContent</tag>
<tag>Wait</tag>
<doc>Waits for the element found by ``selector`` to satisfy state option.</doc>
<status status="PASS" start="2026-03-20T10:02:10.254913" elapsed="0.452054"/>
</kw>
<kw name="Dismiss Vuetify Overlays" owner="browser">
<kw name="Sleep" owner="BuiltIn">
<msg time="2026-03-20T10:02:11.008145" level="INFO">Slept 300 milliseconds.</msg>
<arg>300ms</arg>
<doc>Pauses the test executed for the given time.</doc>
<status status="PASS" start="2026-03-20T10:02:10.707775" elapsed="0.300530"/>
</kw>
<kw name="Evaluate JavaScript" owner="Browser">
<msg time="2026-03-20T10:02:11.014311" level="INFO">JavaScript executed successfully.</msg>
<arg>${None}</arg>
<arg>() =&gt; {</arg>
<arg>document.querySelectorAll('.v-overlay:not(.v-dialog) &gt; .v-overlay__scrim').forEach(el =&gt; {</arg>
<arg>el.style.pointerEvents = 'none';</arg>
<arg>});</arg>
<arg>}</arg>
<tag>Getter</tag>
<tag>PageContent</tag>
<tag>Setter</tag>
<doc>Executes given javascript on the selected element(s) or on page.</doc>
<status status="PASS" start="2026-03-20T10:02:11.008520" elapsed="0.006008"/>
</kw>
<doc>Safety net: remove any residual overlay scrims.
GAP-OVERLAY-SCRIM: Root cause fixed in dashboard (VOverlay
replaced with non-blocking VProgressLinear + CSS pointer-events).</doc>
<status status="PASS" start="2026-03-20T10:02:10.707337" elapsed="0.307411"/>
</kw>
<doc>Navigate to dashboard and wait for app init</doc>
<status status="PASS" start="2026-03-20T10:02:09.546135" elapsed="1.468690"/>
</kw>
<kw name="Click Nav Item" owner="browser">
<kw name="Dismiss Vuetify Overlays" owner="browser">
<kw name="Sleep" owner="BuiltIn">
<msg time="2026-03-20T10:02:11.316324" level="INFO">Slept 300 milliseconds.</msg>
<arg>300ms</arg>
<doc>Pauses the test executed for the given time.</doc>
<status status="PASS" start="2026-03-20T10:02:11.015681" elapsed="0.300819"/>
</kw>
<kw name="Evaluate JavaScript" owner="Browser">
<msg time="2026-03-20T10:02:11.321060" level="INFO">JavaScript executed successfully.</msg>
<arg>${None}</arg>
<arg>() =&gt; {</arg>
<arg>document.querySelectorAll('.v-overlay:not(.v-dialog) &gt; .v-overlay__scrim').forEach(el =&gt; {</arg>
<arg>el.style.pointerEvents = 'none';</arg>
<arg>});</arg>
<arg>}</arg>
<tag>Getter</tag>
<tag>PageContent</tag>
<tag>Setter</tag>
<doc>Executes given javascript on the selected element(s) or on page.</doc>
<status status="PASS" start="2026-03-20T10:02:11.316772" elapsed="0.004432"/>
</kw>
<doc>Safety net: remove any residual overlay scrims.
GAP-OVERLAY-SCRIM: Root cause fixed in dashboard (VOverlay
replaced with non-blocking VProgressLinear + CSS pointer-events).</doc>
<status status="PASS" start="2026-03-20T10:02:11.015405" elapsed="0.305992"/>
</kw>
<kw name="Click" owner="Browser">
<msg time="2026-03-20T10:02:11.322002" level="INFO">Clicks the element '[data-testid='nav-trust']'.</msg>
<arg>[data-testid='${testid}']</arg>
<tag>PageContent</tag>
<tag>Setter</tag>
<doc>Simulates mouse click on the element found by ``selector``.</doc>
<status status="PASS" start="2026-03-20T10:02:11.321537" elapsed="0.049648"/>
</kw>
<kw name="Sleep" owner="BuiltIn">
<msg time="2026-03-20T10:02:13.372051" level="INFO">Slept 2 seconds.</msg>
<arg>2s</arg>
<doc>Pauses the test executed for the given time.</doc>
<status status="PASS" start="2026-03-20T10:02:11.371401" elapsed="2.000808"/>
</kw>
<arg>nav-trust</arg>
<doc>Click a navigation item, removing overlays first</doc>
<status status="PASS" start="2026-03-20T10:02:11.015027" elapsed="2.357353"/>
</kw>
<kw name="Get Element Count" owner="Browser">
<msg time="2026-03-20T10:02:13.379362" level="INFO">${list_count} = 1</msg>
<var>${list_count}</var>
<arg>text=Agent Trust Dashboard</arg>
<tag>Assertion</tag>
<tag>Getter</tag>
<tag>PageContent</tag>
<doc>Returns the count of elements found with ``selector``.</doc>
<status status="PASS" start="2026-03-20T10:02:13.372624" elapsed="0.006798"/>
</kw>
<if>
<branch type="IF" condition="${list_count} == 0">
<kw name="Click Back Button If Detail View" owner="browser">
<arg>back_testid=agent-detail-back-btn</arg>
<doc>Click back button if in detail view (SPA state handling)</doc>
<status status="NOT RUN" start="2026-03-20T10:02:13.380114" elapsed="0.000087"/>
</kw>
<status status="NOT RUN" start="2026-03-20T10:02:13.379578" elapsed="0.000681"/>
</branch>
<status status="PASS" start="2026-03-20T10:02:13.379545" elapsed="0.000761"/>
</if>
<kw name="Wait For Elements State" owner="Browser">
<msg time="2026-03-20T10:02:13.386778" level="INFO">Waited for Element with selector text=Agent Trust Dashboard at state visible</msg>
<arg>text=Agent Trust Dashboard</arg>
<arg>visible</arg>
<arg>timeout=20s</arg>
<tag>PageContent</tag>
<tag>Wait</tag>
<doc>Waits for the element found by ``selector`` to satisfy state option.</doc>
<status status="PASS" start="2026-03-20T10:02:13.380398" elapsed="0.006520"/>
</kw>
<doc>Navigate to Trust view (handles detail-open SPA state)</doc>
<status status="PASS" start="2026-03-20T10:02:09.545794" elapsed="3.841231"/>
</kw>
<kw name="Wait For Elements State" owner="Browser">
<msg time="2026-03-20T10:02:13.391776" level="INFO">Waited for Element with selector text=Agent Trust Dashboard at state visible</msg>
<arg>text=Agent Trust Dashboard</arg>
<arg>visible</arg>
<tag>PageContent</tag>
<tag>Wait</tag>
<doc>Waits for the element found by ``selector`` to satisfy state option.</doc>
<status status="PASS" start="2026-03-20T10:02:13.387167" elapsed="0.004706"/>
</kw>
<doc>Can navigate to Trust view</doc>
<tag>browser</tag>
<tag>critical</tag>
<tag>dashboard</tag>
<tag>e2e</tag>
<tag>navigation</tag>
<tag>read</tag>
<tag>session</tag>
<tag>TEST-BDD-01-v1</tag>
<tag>ui</tag>
<status status="PASS" start="2026-03-20T10:02:09.545397" elapsed="3.846590"/>
</test>
<test id="s1-s1-t9" name="Rules List Loads" line="118">
<kw name="Navigate To Rules View" type="SETUP">
<kw name="Navigate To Rules List" owner="browser">
<kw name="Navigate To Dashboard Home" owner="browser">
<kw name="Go To" owner="Browser">
<msg time="2026-03-20T10:02:13.408554" level="INFO">Successfully opened URL http://localhost:8081</msg>
<arg>${DASHBOARD_URL}</arg>
<tag>BrowserControl</tag>
<tag>Setter</tag>
<doc>Navigates to the given ``url``.</doc>
<status status="PASS" start="2026-03-20T10:02:13.393941" elapsed="0.014819"/>
</kw>
<kw name="Reload" owner="Browser">
<msg time="2026-03-20T10:02:13.424022" level="INFO">Reloaded page with options: {"waitUntil": "load"}</msg>
<tag>BrowserControl</tag>
<tag>Setter</tag>
<doc>Reloads current active page.</doc>
<status status="PASS" start="2026-03-20T10:02:13.408907" elapsed="0.015377"/>
</kw>
<kw name="Wait For Elements State" owner="Browser">
<msg time="2026-03-20T10:02:13.701207" level="INFO">Waited for Element with selector [data-testid='app-bar'] &gt;&gt; text=Sarvaja Governance Dashboard at state visible</msg>
<arg>${APP_BAR_TITLE}</arg>
<arg>visible</arg>
<arg>timeout=20s</arg>
<tag>PageContent</tag>
<tag>Wait</tag>
<doc>Waits for the element found by ``selector`` to satisfy state option.</doc>
<status status="PASS" start="2026-03-20T10:02:13.424464" elapsed="0.276918"/>
</kw>
<kw name="Dismiss Vuetify Overlays" owner="browser">
<kw name="Sleep" owner="BuiltIn">
<msg time="2026-03-20T10:02:14.002217" level="INFO">Slept 300 milliseconds.</msg>
<arg>300ms</arg>
<doc>Pauses the test executed for the given time.</doc>
<status status="PASS" start="2026-03-20T10:02:13.701849" elapsed="0.300534"/>
</kw>
<kw name="Evaluate JavaScript" owner="Browser">
<msg time="2026-03-20T10:02:14.008367" level="INFO">JavaScript executed successfully.</msg>
<arg>${None}</arg>
<arg>() =&gt; {</arg>
<arg>document.querySelectorAll('.v-overlay:not(.v-dialog) &gt; .v-overlay__scrim').forEach(el =&gt; {</arg>
<arg>el.style.pointerEvents = 'none';</arg>
<arg>});</arg>
<arg>}</arg>
<tag>Getter</tag>
<tag>PageContent</tag>
<tag>Setter</tag>
<doc>Executes given javascript on the selected element(s) or on page.</doc>
<status status="PASS" start="2026-03-20T10:02:14.002651" elapsed="0.005883"/>
</kw>
<doc>Safety net: remove any residual overlay scrims.
GAP-OVERLAY-SCRIM: Root cause fixed in dashboard (VOverlay
replaced with non-blocking VProgressLinear + CSS pointer-events).</doc>
<status status="PASS" start="2026-03-20T10:02:13.701578" elapsed="0.307084"/>
</kw>
<doc>Navigate to dashboard and wait for app init</doc>
<status status="PASS" start="2026-03-20T10:02:13.393803" elapsed="0.614920"/>
</kw>
<kw name="Click Nav Item" owner="browser">
<kw name="Dismiss Vuetify Overlays" owner="browser">
<kw name="Sleep" owner="BuiltIn">
<msg time="2026-03-20T10:02:14.309943" level="INFO">Slept 300 milliseconds.</msg>
<arg>300ms</arg>
<doc>Pauses the test executed for the given time.</doc>
<status status="PASS" start="2026-03-20T10:02:14.009480" elapsed="0.300669"/>
</kw>
<kw name="Evaluate JavaScript" owner="Browser">
<msg time="2026-03-20T10:02:14.315487" level="INFO">JavaScript executed successfully.</msg>
<arg>${None}</arg>
<arg>() =&gt; {</arg>
<arg>document.querySelectorAll('.v-overlay:not(.v-dialog) &gt; .v-overlay__scrim').forEach(el =&gt; {</arg>
<arg>el.style.pointerEvents = 'none';</arg>
<arg>});</arg>
<arg>}</arg>
<tag>Getter</tag>
<tag>PageContent</tag>
<tag>Setter</tag>
<doc>Executes given javascript on the selected element(s) or on page.</doc>
<status status="PASS" start="2026-03-20T10:02:14.310440" elapsed="0.005217"/>
</kw>
<doc>Safety net: remove any residual overlay scrims.
GAP-OVERLAY-SCRIM: Root cause fixed in dashboard (VOverlay
replaced with non-blocking VProgressLinear + CSS pointer-events).</doc>
<status status="PASS" start="2026-03-20T10:02:14.009237" elapsed="0.306550"/>
</kw>
<kw name="Click" owner="Browser">
<msg time="2026-03-20T10:02:14.316421" level="INFO">Clicks the element '[data-testid='nav-rules']'.</msg>
<arg>[data-testid='${testid}']</arg>
<tag>PageContent</tag>
<tag>Setter</tag>
<doc>Simulates mouse click on the element found by ``selector``.</doc>
<status status="PASS" start="2026-03-20T10:02:14.315936" elapsed="0.062040"/>
</kw>
<kw name="Sleep" owner="BuiltIn">
<msg time="2026-03-20T10:02:16.378688" level="INFO">Slept 2 seconds.</msg>
<arg>2s</arg>
<doc>Pauses the test executed for the given time.</doc>
<status status="PASS" start="2026-03-20T10:02:14.378205" elapsed="2.000645"/>
</kw>
<arg>nav-rules</arg>
<doc>Click a navigation item, removing overlays first</doc>
<status status="PASS" start="2026-03-20T10:02:14.008900" elapsed="2.370097"/>
</kw>
<kw name="Get Element Count" owner="Browser">
<msg time="2026-03-20T10:02:16.385303" level="INFO">${list_count} = 1</msg>
<var>${list_count}</var>
<arg>button:has-text("Add Rule")</arg>
<tag>Assertion</tag>
<tag>Getter</tag>
<tag>PageContent</tag>
<doc>Returns the count of elements found with ``selector``.</doc>
<status status="PASS" start="2026-03-20T10:02:16.379280" elapsed="0.006065"/>
</kw>
<if>
<branch type="IF" condition="${list_count} == 0">
<kw name="Click Back Button If Detail View" owner="browser">
<arg>back_testid=rule-detail-back-btn</arg>
<doc>Click back button if in detail view (SPA state handling)</doc>
<status status="NOT RUN" start="2026-03-20T10:02:16.385909" elapsed="0.000072"/>
</kw>
<status status="NOT RUN" start="2026-03-20T10:02:16.385471" elapsed="0.000556"/>
</branch>
<status status="PASS" start="2026-03-20T10:02:16.385442" elapsed="0.000626"/>
</if>
<kw name="Wait For Elements State" owner="Browser">
<msg time="2026-03-20T10:02:16.391810" level="INFO">Waited for Element with selector button:has-text("Add Rule") at state visible</msg>
<arg>button:has-text("Add Rule")</arg>
<arg>visible</arg>
<arg>timeout=20s</arg>
<tag>PageContent</tag>
<tag>Wait</tag>
<doc>Waits for the element found by ``selector`` to satisfy state option.</doc>
<status status="PASS" start="2026-03-20T10:02:16.386163" elapsed="0.005764"/>
</kw>
<doc>Navigate to Rules list (handles detail-open SPA state)</doc>
<status status="PASS" start="2026-03-20T10:02:13.393644" elapsed="2.998376"/>
</kw>
<doc>Navigate to Rules view list (handles detail-open state)</doc>
<status status="PASS" start="2026-03-20T10:02:13.393392" elapsed="2.998686"/>
</kw>
<kw name="Wait For Elements State" owner="Browser">
<msg time="2026-03-20T10:02:26.455278" level="INFO" html="true">&lt;/td&gt;&lt;/tr&gt;&lt;tr&gt;&lt;td colspan="3"&gt;&lt;a href="browser/screenshot/fail-screenshot-4.png" target="_blank"&gt;&lt;img src="browser/screenshot/fail-screenshot-4.png" width="800px"/&gt;&lt;/a&gt;</msg>
<msg time="2026-03-20T10:02:26.455412" level="INFO">See also file:///home/oderid/Documents/Vibe/sarvaja/platform/results/robot/playwright-log.txt for additional details.</msg>
<msg time="2026-03-20T10:02:26.455508" level="FAIL">TimeoutError: locator.waitFor: Timeout 10000ms exceeded.
Call log:
  - waiting for locator('text=/\\d+ rules loaded/') to be visible
</msg>
<arg>text=/\\d+ rules loaded/</arg>
<arg>visible</arg>
<tag>PageContent</tag>
<tag>Wait</tag>
<doc>Waits for the element found by ``selector`` to satisfy state option.</doc>
<status status="FAIL" start="2026-03-20T10:02:16.392205" elapsed="10.064256">TimeoutError: locator.waitFor: Timeout 10000ms exceeded.
Call log:
  - waiting for locator('text=/\\d+ rules loaded/') to be visible
</status>
</kw>
<doc>Rules list shows rule count</doc>
<tag>browser</tag>
<tag>critical</tag>
<tag>dashboard</tag>
<tag>e2e</tag>
<tag>read</tag>
<tag>rules</tag>
<tag>session</tag>
<tag>TEST-BDD-01-v1</tag>
<tag>ui</tag>
<status status="FAIL" start="2026-03-20T10:02:13.393117" elapsed="13.063491">TimeoutError: locator.waitFor: Timeout 10000ms exceeded.
Call log:
  - waiting for locator('text=/\\d+ rules loaded/') to be visible
</status>
</test>
<test id="s1-s1-t10" name="Add Rule Button Present" line="124">
<kw name="Navigate To Rules View" type="SETUP">
<kw name="Navigate To Rules List" owner="browser">
<kw name="Navigate To Dashboard Home" owner="browser">
<kw name="Go To" owner="Browser">
<msg time="2026-03-20T10:02:26.473756" level="INFO">Successfully opened URL http://localhost:8081</msg>
<arg>${DASHBOARD_URL}</arg>
<tag>BrowserControl</tag>
<tag>Setter</tag>
<doc>Navigates to the given ``url``.</doc>
<status status="PASS" start="2026-03-20T10:02:26.458808" elapsed="0.015243"/>
</kw>
<kw name="Reload" owner="Browser">
<msg time="2026-03-20T10:02:26.488021" level="INFO">Reloaded page with options: {"waitUntil": "load"}</msg>
<tag>BrowserControl</tag>
<tag>Setter</tag>
<doc>Reloads current active page.</doc>
<status status="PASS" start="2026-03-20T10:02:26.474221" elapsed="0.014053"/>
</kw>
<kw name="Wait For Elements State" owner="Browser">
<msg time="2026-03-20T10:02:26.719251" level="INFO">Waited for Element with selector [data-testid='app-bar'] &gt;&gt; text=Sarvaja Governance Dashboard at state visible</msg>
<arg>${APP_BAR_TITLE}</arg>
<arg>visible</arg>
<arg>timeout=20s</arg>
<tag>PageContent</tag>
<tag>Wait</tag>
<doc>Waits for the element found by ``selector`` to satisfy state option.</doc>
<status status="PASS" start="2026-03-20T10:02:26.488467" elapsed="0.231309"/>
</kw>
<kw name="Dismiss Vuetify Overlays" owner="browser">
<kw name="Sleep" owner="BuiltIn">
<msg time="2026-03-20T10:02:27.021640" level="INFO">Slept 300 milliseconds.</msg>
<arg>300ms</arg>
<doc>Pauses the test executed for the given time.</doc>
<status status="PASS" start="2026-03-20T10:02:26.720704" elapsed="0.301155"/>
</kw>
<kw name="Evaluate JavaScript" owner="Browser">
<msg time="2026-03-20T10:02:27.027806" level="INFO">JavaScript executed successfully.</msg>
<arg>${None}</arg>
<arg>() =&gt; {</arg>
<arg>document.querySelectorAll('.v-overlay:not(.v-dialog) &gt; .v-overlay__scrim').forEach(el =&gt; {</arg>
<arg>el.style.pointerEvents = 'none';</arg>
<arg>});</arg>
<arg>}</arg>
<tag>Getter</tag>
<tag>PageContent</tag>
<tag>Setter</tag>
<doc>Executes given javascript on the selected element(s) or on page.</doc>
<status status="PASS" start="2026-03-20T10:02:27.022162" elapsed="0.005807"/>
</kw>
<doc>Safety net: remove any residual overlay scrims.
GAP-OVERLAY-SCRIM: Root cause fixed in dashboard (VOverlay
replaced with non-blocking VProgressLinear + CSS pointer-events).</doc>
<status status="PASS" start="2026-03-20T10:02:26.720169" elapsed="0.307925"/>
</kw>
<doc>Navigate to dashboard and wait for app init</doc>
<status status="PASS" start="2026-03-20T10:02:26.458652" elapsed="0.569516"/>
</kw>
<kw name="Click Nav Item" owner="browser">
<kw name="Dismiss Vuetify Overlays" owner="browser">
<kw name="Sleep" owner="BuiltIn">
<msg time="2026-03-20T10:02:27.329472" level="INFO">Slept 300 milliseconds.</msg>
<arg>300ms</arg>
<doc>Pauses the test executed for the given time.</doc>
<status status="PASS" start="2026-03-20T10:02:27.029036" elapsed="0.300732"/>
</kw>
<kw name="Evaluate JavaScript" owner="Browser">
<msg time="2026-03-20T10:02:27.334530" level="INFO">JavaScript executed successfully.</msg>
<arg>${None}</arg>
<arg>() =&gt; {</arg>
<arg>document.querySelectorAll('.v-overlay:not(.v-dialog) &gt; .v-overlay__scrim').forEach(el =&gt; {</arg>
<arg>el.style.pointerEvents = 'none';</arg>
<arg>});</arg>
<arg>}</arg>
<tag>Getter</tag>
<tag>PageContent</tag>
<tag>Setter</tag>
<doc>Executes given javascript on the selected element(s) or on page.</doc>
<status status="PASS" start="2026-03-20T10:02:27.330045" elapsed="0.004690"/>
</kw>
<doc>Safety net: remove any residual overlay scrims.
GAP-OVERLAY-SCRIM: Root cause fixed in dashboard (VOverlay
replaced with non-blocking VProgressLinear + CSS pointer-events).</doc>
<status status="PASS" start="2026-03-20T10:02:27.028816" elapsed="0.306062"/>
</kw>
<kw name="Click" owner="Browser">
<msg time="2026-03-20T10:02:27.335652" level="INFO">Clicks the element '[data-testid='nav-rules']'.</msg>
<arg>[data-testid='${testid}']</arg>
<tag>PageContent</tag>
<tag>Setter</tag>
<doc>Simulates mouse click on the element found by ``selector``.</doc>
<status status="PASS" start="2026-03-20T10:02:27.335037" elapsed="0.037101"/>
</kw>
<kw name="Sleep" owner="BuiltIn">
<msg time="2026-03-20T10:02:29.372738" level="INFO">Slept 2 seconds.</msg>
<arg>2s</arg>
<doc>Pauses the test executed for the given time.</doc>
<status status="PASS" start="2026-03-20T10:02:27.372307" elapsed="2.000613"/>
</kw>
<arg>nav-rules</arg>
<doc>Click a navigation item, removing overlays first</doc>
<status status="PASS" start="2026-03-20T10:02:27.028382" elapsed="2.344703"/>
</kw>
<kw name="Get Element Count" owner="Browser">
<msg time="2026-03-20T10:02:29.378767" level="INFO">${list_count} = 1</msg>
<var>${list_count}</var>
<arg>button:has-text("Add Rule")</arg>
<tag>Assertion</tag>
<tag>Getter</tag>
<tag>PageContent</tag>
<doc>Returns the count of elements found with ``selector``.</doc>
<status status="PASS" start="2026-03-20T10:02:29.373357" elapsed="0.005453"/>
</kw>
<if>
<branch type="IF" condition="${list_count} == 0">
<kw name="Click Back Button If Detail View" owner="browser">
<arg>back_testid=rule-detail-back-btn</arg>
<doc>Click back button if in detail view (SPA state handling)</doc>
<status status="NOT RUN" start="2026-03-20T10:02:29.379458" elapsed="0.000071"/>
</kw>
<status status="NOT RUN" start="2026-03-20T10:02:29.379010" elapsed="0.000565"/>
</branch>
<status status="PASS" start="2026-03-20T10:02:29.378979" elapsed="0.000657"/>
</if>
<kw name="Wait For Elements State" owner="Browser">
<msg time="2026-03-20T10:02:29.385056" level="INFO">Waited for Element with selector button:has-text("Add Rule") at state visible</msg>
<arg>button:has-text("Add Rule")</arg>
<arg>visible</arg>
<arg>timeout=20s</arg>
<tag>PageContent</tag>
<tag>Wait</tag>
<doc>Waits for the element found by ``selector`` to satisfy state option.</doc>
<status status="PASS" start="2026-03-20T10:02:29.379799" elapsed="0.005399"/>
</kw>
<doc>Navigate to Rules list (handles detail-open SPA state)</doc>
<status status="PASS" start="2026-03-20T10:02:26.458465" elapsed="2.926835"/>
</kw>
<doc>Navigate to Rules view list (handles detail-open state)</doc>
<status status="PASS" start="2026-03-20T10:02:26.458214" elapsed="2.927147"/>
</kw>
<kw name="Wait For Elements State" owner="Browser">
<msg time="2026-03-20T10:02:29.391386" level="INFO">Waited for Element with selector text=Add Rule at state visible</msg>
<arg>text=Add Rule</arg>
<arg>visible</arg>
<tag>PageContent</tag>
<tag>Wait</tag>
<doc>Waits for the element found by ``selector`` to satisfy state option.</doc>
<status status="PASS" start="2026-03-20T10:02:29.385496" elapsed="0.006017"/>
</kw>
<doc>Add Rule button is visible</doc>
<tag>browser</tag>
<tag>critical</tag>
<tag>dashboard</tag>
<tag>e2e</tag>
<tag>read</tag>
<tag>rules</tag>
<tag>session</tag>
<tag>TEST-BDD-01-v1</tag>
<tag>ui</tag>
<status status="PASS" start="2026-03-20T10:02:26.457946" elapsed="2.933696"/>
</test>
<test id="s1-s1-t11" name="Rules Search Input Present" line="130">
<kw name="Navigate To Rules View" type="SETUP">
<kw name="Navigate To Rules List" owner="browser">
<kw name="Navigate To Dashboard Home" owner="browser">
<kw name="Go To" owner="Browser">
<msg time="2026-03-20T10:02:29.408715" level="INFO">Successfully opened URL http://localhost:8081</msg>
<arg>${DASHBOARD_URL}</arg>
<tag>BrowserControl</tag>
<tag>Setter</tag>
<doc>Navigates to the given ``url``.</doc>
<status status="PASS" start="2026-03-20T10:02:29.393653" elapsed="0.015304"/>
</kw>
<kw name="Reload" owner="Browser">
<msg time="2026-03-20T10:02:29.423369" level="INFO">Reloaded page with options: {"waitUntil": "load"}</msg>
<tag>BrowserControl</tag>
<tag>Setter</tag>
<doc>Reloads current active page.</doc>
<status status="PASS" start="2026-03-20T10:02:29.409159" elapsed="0.014516"/>
</kw>
<kw name="Wait For Elements State" owner="Browser">
<msg time="2026-03-20T10:02:29.642390" level="INFO">Waited for Element with selector [data-testid='app-bar'] &gt;&gt; text=Sarvaja Governance Dashboard at state visible</msg>
<arg>${APP_BAR_TITLE}</arg>
<arg>visible</arg>
<arg>timeout=20s</arg>
<tag>PageContent</tag>
<tag>Wait</tag>
<doc>Waits for the element found by ``selector`` to satisfy state option.</doc>
<status status="PASS" start="2026-03-20T10:02:29.423893" elapsed="0.218743"/>
</kw>
<kw name="Dismiss Vuetify Overlays" owner="browser">
<kw name="Sleep" owner="BuiltIn">
<msg time="2026-03-20T10:02:29.943674" level="INFO">Slept 300 milliseconds.</msg>
<arg>300ms</arg>
<doc>Pauses the test executed for the given time.</doc>
<status status="PASS" start="2026-03-20T10:02:29.643243" elapsed="0.300578"/>
</kw>
<kw name="Evaluate JavaScript" owner="Browser">
<msg time="2026-03-20T10:02:29.949482" level="INFO">JavaScript executed successfully.</msg>
<arg>${None}</arg>
<arg>() =&gt; {</arg>
<arg>document.querySelectorAll('.v-overlay:not(.v-dialog) &gt; .v-overlay__scrim').forEach(el =&gt; {</arg>
<arg>el.style.pointerEvents = 'none';</arg>
<arg>});</arg>
<arg>}</arg>
<tag>Getter</tag>
<tag>PageContent</tag>
<tag>Setter</tag>
<doc>Executes given javascript on the selected element(s) or on page.</doc>
<status status="PASS" start="2026-03-20T10:02:29.944037" elapsed="0.005648"/>
</kw>
<doc>Safety net: remove any residual overlay scrims.
GAP-OVERLAY-SCRIM: Root cause fixed in dashboard (VOverlay
replaced with non-blocking VProgressLinear + CSS pointer-events).</doc>
<status status="PASS" start="2026-03-20T10:02:29.642903" elapsed="0.306926"/>
</kw>
<doc>Navigate to dashboard and wait for app init</doc>
<status status="PASS" start="2026-03-20T10:02:29.393502" elapsed="0.556414"/>
</kw>
<kw name="Click Nav Item" owner="browser">
<kw name="Dismiss Vuetify Overlays" owner="browser">
<kw name="Sleep" owner="BuiltIn">
<msg time="2026-03-20T10:02:30.251218" level="INFO">Slept 300 milliseconds.</msg>
<arg>300ms</arg>
<doc>Pauses the test executed for the given time.</doc>
<status status="PASS" start="2026-03-20T10:02:29.950786" elapsed="0.300575"/>
</kw>
<kw name="Evaluate JavaScript" owner="Browser">
<msg time="2026-03-20T10:02:30.256999" level="INFO">JavaScript executed successfully.</msg>
<arg>${None}</arg>
<arg>() =&gt; {</arg>
<arg>document.querySelectorAll('.v-overlay:not(.v-dialog) &gt; .v-overlay__scrim').forEach(el =&gt; {</arg>
<arg>el.style.pointerEvents = 'none';</arg>
<arg>});</arg>
<arg>}</arg>
<tag>Getter</tag>
<tag>PageContent</tag>
<tag>Setter</tag>
<doc>Executes given javascript on the selected element(s) or on page.</doc>
<status status="PASS" start="2026-03-20T10:02:30.251577" elapsed="0.005621"/>
</kw>
<doc>Safety net: remove any residual overlay scrims.
GAP-OVERLAY-SCRIM: Root cause fixed in dashboard (VOverlay
replaced with non-blocking VProgressLinear + CSS pointer-events).</doc>
<status status="PASS" start="2026-03-20T10:02:29.950542" elapsed="0.306797"/>
</kw>
<kw name="Click" owner="Browser">
<msg time="2026-03-20T10:02:30.258120" level="INFO">Clicks the element '[data-testid='nav-rules']'.</msg>
<arg>[data-testid='${testid}']</arg>
<tag>PageContent</tag>
<tag>Setter</tag>
<doc>Simulates mouse click on the element found by ``selector``.</doc>
<status status="PASS" start="2026-03-20T10:02:30.257495" elapsed="0.028156"/>
</kw>
<kw name="Sleep" owner="BuiltIn">
<msg time="2026-03-20T10:02:32.286220" level="INFO">Slept 2 seconds.</msg>
<arg>2s</arg>
<doc>Pauses the test executed for the given time.</doc>
<status status="PASS" start="2026-03-20T10:02:30.285816" elapsed="2.000549"/>
</kw>
<arg>nav-rules</arg>
<doc>Click a navigation item, removing overlays first</doc>
<status status="PASS" start="2026-03-20T10:02:29.950135" elapsed="2.336360"/>
</kw>
<kw name="Get Element Count" owner="Browser">
<msg time="2026-03-20T10:02:32.290520" level="INFO">${list_count} = 1</msg>
<var>${list_count}</var>
<arg>button:has-text("Add Rule")</arg>
<tag>Assertion</tag>
<tag>Getter</tag>
<tag>PageContent</tag>
<doc>Returns the count of elements found with ``selector``.</doc>
<status status="PASS" start="2026-03-20T10:02:32.286686" elapsed="0.003868"/>
</kw>
<if>
<branch type="IF" condition="${list_count} == 0">
<kw name="Click Back Button If Detail View" owner="browser">
<arg>back_testid=rule-detail-back-btn</arg>
<doc>Click back button if in detail view (SPA state handling)</doc>
<status status="NOT RUN" start="2026-03-20T10:02:32.291023" elapsed="0.000047"/>
</kw>
<status status="NOT RUN" start="2026-03-20T10:02:32.290666" elapsed="0.000434"/>
</branch>
<status status="PASS" start="2026-03-20T10:02:32.290642" elapsed="0.000488"/>
</if>
<kw name="Wait For Elements State" owner="Browser">
<msg time="2026-03-20T10:02:32.294305" level="INFO">Waited for Element with selector button:has-text("Add Rule") at state visible</msg>
<arg>button:has-text("Add Rule")</arg>
<arg>visible</arg>
<arg>timeout=20s</arg>
<tag>PageContent</tag>
<tag>Wait</tag>
<doc>Waits for the element found by ``selector`` to satisfy state option.</doc>
<status status="PASS" start="2026-03-20T10:02:32.291195" elapsed="0.003213"/>
</kw>
<doc>Navigate to Rules list (handles detail-open SPA state)</doc>
<status status="PASS" start="2026-03-20T10:02:29.393343" elapsed="2.901139"/>
</kw>
<doc>Navigate to Rules view list (handles detail-open state)</doc>
<status status="PASS" start="2026-03-20T10:02:29.393068" elapsed="2.901522"/>
</kw>
<kw name="Get Element Count" owner="Browser">
<msg time="2026-03-20T10:02:32.296949" level="INFO">${count} = 4</msg>
<var>${count}</var>
<arg>input[type='text']</arg>
<tag>Assertion</tag>
<tag>Getter</tag>
<tag>PageContent</tag>
<doc>Returns the count of elements found with ``selector``.</doc>
<status status="PASS" start="2026-03-20T10:02:32.294708" elapsed="0.002265"/>
</kw>
<kw name="Should Be True" owner="BuiltIn">
<arg>${count} &gt; 0</arg>
<arg>msg=No search input found on rules page</arg>
<doc>Fails if the given condition is not true.</doc>
<status status="PASS" start="2026-03-20T10:02:32.297071" elapsed="0.000371"/>
</kw>
<doc>Search input is available</doc>
<tag>browser</tag>
<tag>critical</tag>
<tag>dashboard</tag>
<tag>e2e</tag>
<tag>read</tag>
<tag>rules</tag>
<tag>session</tag>
<tag>TEST-BDD-01-v1</tag>
<tag>ui</tag>
<status status="PASS" start="2026-03-20T10:02:29.392793" elapsed="2.904744"/>
</test>
<test id="s1-s1-t12" name="Rule List Items Clickable" line="137">
<kw name="Navigate To Rules View" type="SETUP">
<kw name="Navigate To Rules List" owner="browser">
<kw name="Navigate To Dashboard Home" owner="browser">
<kw name="Go To" owner="Browser">
<msg time="2026-03-20T10:02:32.313719" level="INFO">Successfully opened URL http://localhost:8081</msg>
<arg>${DASHBOARD_URL}</arg>
<tag>BrowserControl</tag>
<tag>Setter</tag>
<doc>Navigates to the given ``url``.</doc>
<status status="PASS" start="2026-03-20T10:02:32.299325" elapsed="0.014587"/>
</kw>
<kw name="Reload" owner="Browser">
<msg time="2026-03-20T10:02:32.328869" level="INFO">Reloaded page with options: {"waitUntil": "load"}</msg>
<tag>BrowserControl</tag>
<tag>Setter</tag>
<doc>Reloads current active page.</doc>
<status status="PASS" start="2026-03-20T10:02:32.314080" elapsed="0.014989"/>
</kw>
<kw name="Wait For Elements State" owner="Browser">
<msg time="2026-03-20T10:02:32.527920" level="INFO">Waited for Element with selector [data-testid='app-bar'] &gt;&gt; text=Sarvaja Governance Dashboard at state visible</msg>
<arg>${APP_BAR_TITLE}</arg>
<arg>visible</arg>
<arg>timeout=20s</arg>
<tag>PageContent</tag>
<tag>Wait</tag>
<doc>Waits for the element found by ``selector`` to satisfy state option.</doc>
<status status="PASS" start="2026-03-20T10:02:32.329244" elapsed="0.199130"/>
</kw>
<kw name="Dismiss Vuetify Overlays" owner="browser">
<kw name="Sleep" owner="BuiltIn">
<msg time="2026-03-20T10:02:32.829710" level="INFO">Slept 300 milliseconds.</msg>
<arg>300ms</arg>
<doc>Pauses the test executed for the given time.</doc>
<status status="PASS" start="2026-03-20T10:02:32.529105" elapsed="0.300812"/>
</kw>
<kw name="Evaluate JavaScript" owner="Browser">
<msg time="2026-03-20T10:02:32.835461" level="INFO">JavaScript executed successfully.</msg>
<arg>${None}</arg>
<arg>() =&gt; {</arg>
<arg>document.querySelectorAll('.v-overlay:not(.v-dialog) &gt; .v-overlay__scrim').forEach(el =&gt; {</arg>
<arg>el.style.pointerEvents = 'none';</arg>
<arg>});</arg>
<arg>}</arg>
<tag>Getter</tag>
<tag>PageContent</tag>
<tag>Setter</tag>
<doc>Executes given javascript on the selected element(s) or on page.</doc>
<status status="PASS" start="2026-03-20T10:02:32.830232" elapsed="0.005387"/>
</kw>
<doc>Safety net: remove any residual overlay scrims.
GAP-OVERLAY-SCRIM: Root cause fixed in dashboard (VOverlay
replaced with non-blocking VProgressLinear + CSS pointer-events).</doc>
<status status="PASS" start="2026-03-20T10:02:32.528739" elapsed="0.307010"/>
</kw>
<doc>Navigate to dashboard and wait for app init</doc>
<status status="PASS" start="2026-03-20T10:02:32.299190" elapsed="0.536619"/>
</kw>
<kw name="Click Nav Item" owner="browser">
<kw name="Dismiss Vuetify Overlays" owner="browser">
<kw name="Sleep" owner="BuiltIn">
<msg time="2026-03-20T10:02:33.137244" level="INFO">Slept 300 milliseconds.</msg>
<arg>300ms</arg>
<doc>Pauses the test executed for the given time.</doc>
<status status="PASS" start="2026-03-20T10:02:32.836541" elapsed="0.300861"/>
</kw>
<kw name="Evaluate JavaScript" owner="Browser">
<msg time="2026-03-20T10:02:33.142222" level="INFO">JavaScript executed successfully.</msg>
<arg>${None}</arg>
<arg>() =&gt; {</arg>
<arg>document.querySelectorAll('.v-overlay:not(.v-dialog) &gt; .v-overlay__scrim').forEach(el =&gt; {</arg>
<arg>el.style.pointerEvents = 'none';</arg>
<arg>});</arg>
<arg>}</arg>
<tag>Getter</tag>
<tag>PageContent</tag>
<tag>Setter</tag>
<doc>Executes given javascript on the selected element(s) or on page.</doc>
<status status="PASS" start="2026-03-20T10:02:33.137687" elapsed="0.004688"/>
</kw>
<doc>Safety net: remove any residual overlay scrims.
GAP-OVERLAY-SCRIM: Root cause fixed in dashboard (VOverlay
replaced with non-blocking VProgressLinear + CSS pointer-events).</doc>
<status status="PASS" start="2026-03-20T10:02:32.836325" elapsed="0.306157"/>
</kw>
<kw name="Click" owner="Browser">
<msg time="2026-03-20T10:02:33.143132" level="INFO">Clicks the element '[data-testid='nav-rules']'.</msg>
<arg>[data-testid='${testid}']</arg>
<tag>PageContent</tag>
<tag>Setter</tag>
<doc>Simulates mouse click on the element found by ``selector``.</doc>
<status status="PASS" start="2026-03-20T10:02:33.142623" elapsed="0.027844"/>
</kw>
<kw name="Sleep" owner="BuiltIn">
<msg time="2026-03-20T10:02:35.171144" level="INFO">Slept 2 seconds.</msg>
<arg>2s</arg>
<doc>Pauses the test executed for the given time.</doc>
<status status="PASS" start="2026-03-20T10:02:33.170663" elapsed="2.000643"/>
</kw>
<arg>nav-rules</arg>
<doc>Click a navigation item, removing overlays first</doc>
<status status="PASS" start="2026-03-20T10:02:32.835986" elapsed="2.335467"/>
</kw>
<kw name="Get Element Count" owner="Browser">
<msg time="2026-03-20T10:02:35.176855" level="INFO">${list_count} = 1</msg>
<var>${list_count}</var>
<arg>button:has-text("Add Rule")</arg>
<tag>Assertion</tag>
<tag>Getter</tag>
<tag>PageContent</tag>
[...]
replaced with non-blocking VProgressLinear + CSS pointer-events).</doc>
<status status="PASS" start="2026-03-20T10:07:33.714997" elapsed="0.306522"/>
</kw>
<doc>Navigate to dashboard and wait for app init</doc>
<status status="PASS" start="2026-03-20T10:07:33.505489" elapsed="0.516101"/>
</kw>
<kw name="Click Nav Item" owner="browser">
<kw name="Dismiss Vuetify Overlays" owner="browser">
<kw name="Sleep" owner="BuiltIn">
<msg time="2026-03-20T10:07:34.322876" level="INFO">Slept 300 milliseconds.</msg>
<arg>300ms</arg>
<doc>Pauses the test executed for the given time.</doc>
<status status="PASS" start="2026-03-20T10:07:34.022447" elapsed="0.300635"/>
</kw>
<kw name="Evaluate JavaScript" owner="Browser">
<msg time="2026-03-20T10:07:34.328101" level="INFO">JavaScript executed successfully.</msg>
<arg>${None}</arg>
<arg>() =&gt; {</arg>
<arg>document.querySelectorAll('.v-overlay:not(.v-dialog) &gt; .v-overlay__scrim').forEach(el =&gt; {</arg>
<arg>el.style.pointerEvents = 'none';</arg>
<arg>});</arg>
<arg>}</arg>
<tag>Getter</tag>
<tag>PageContent</tag>
<tag>Setter</tag>
<doc>Executes given javascript on the selected element(s) or on page.</doc>
<status status="PASS" start="2026-03-20T10:07:34.323390" elapsed="0.004841"/>
</kw>
<doc>Safety net: remove any residual overlay scrims.
GAP-OVERLAY-SCRIM: Root cause fixed in dashboard (VOverlay
replaced with non-blocking VProgressLinear + CSS pointer-events).</doc>
<status status="PASS" start="2026-03-20T10:07:34.022221" elapsed="0.306114"/>
</kw>
<kw name="Click" owner="Browser">
<msg time="2026-03-20T10:07:34.328954" level="INFO">Clicks the element '[data-testid='nav-rules']'.</msg>
<arg>[data-testid='${testid}']</arg>
<tag>PageContent</tag>
<tag>Setter</tag>
<doc>Simulates mouse click on the element found by ``selector``.</doc>
<status status="PASS" start="2026-03-20T10:07:34.328466" elapsed="0.057845"/>
</kw>
<kw name="Sleep" owner="BuiltIn">
<msg time="2026-03-20T10:07:36.386943" level="INFO">Slept 2 seconds.</msg>
<arg>2s</arg>
<doc>Pauses the test executed for the given time.</doc>
<status status="PASS" start="2026-03-20T10:07:34.386487" elapsed="2.000615"/>
</kw>
<arg>nav-rules</arg>
<doc>Click a navigation item, removing overlays first</doc>
<status status="PASS" start="2026-03-20T10:07:34.021874" elapsed="2.365373"/>
</kw>
<kw name="Get Element Count" owner="Browser">
<msg time="2026-03-20T10:07:36.393593" level="INFO">${list_count} = 1</msg>
<var>${list_count}</var>
<arg>button:has-text("Add Rule")</arg>
<tag>Assertion</tag>
<tag>Getter</tag>
<tag>PageContent</tag>
<doc>Returns the count of elements found with ``selector``.</doc>
<status status="PASS" start="2026-03-20T10:07:36.387449" elapsed="0.006203"/>
</kw>
<if>
<branch type="IF" condition="${list_count} == 0">
<kw name="Click Back Button If Detail View" owner="browser">
<arg>back_testid=rule-detail-back-btn</arg>
<doc>Click back button if in detail view (SPA state handling)</doc>
<status status="NOT RUN" start="2026-03-20T10:07:36.394214" elapsed="0.000071"/>
</kw>
<status status="NOT RUN" start="2026-03-20T10:07:36.393789" elapsed="0.000543"/>
</branch>
<status status="PASS" start="2026-03-20T10:07:36.393758" elapsed="0.000613"/>
</if>
<kw name="Wait For Elements State" owner="Browser">
<msg time="2026-03-20T10:07:36.399738" level="INFO">Waited for Element with selector button:has-text("Add Rule") at state visible</msg>
<arg>button:has-text("Add Rule")</arg>
<arg>visible</arg>
<arg>timeout=20s</arg>
<tag>PageContent</tag>
<tag>Wait</tag>
<doc>Waits for the element found by ``selector`` to satisfy state option.</doc>
<status status="PASS" start="2026-03-20T10:07:36.394467" elapsed="0.005419"/>
</kw>
<doc>Navigate to Rules list (handles detail-open SPA state)</doc>
<status status="PASS" start="2026-03-20T10:07:33.505287" elapsed="2.894698"/>
</kw>
<kw name="Get Element Count" owner="Browser">
<msg time="2026-03-20T10:07:36.403549" level="INFO">${count} = 4</msg>
<var>${count}</var>
<arg>input[type='text']</arg>
<tag>Assertion</tag>
<tag>Getter</tag>
<tag>PageContent</tag>
<doc>Returns the count of elements found with ``selector``.</doc>
<status status="PASS" start="2026-03-20T10:07:36.400120" elapsed="0.003464"/>
</kw>
<kw name="Skip If" owner="BuiltIn">
<arg>${count} == 0</arg>
<arg>No text input found on rules page</arg>
<doc>Skips the rest of the current test if the ``condition`` is True.</doc>
<status status="PASS" start="2026-03-20T10:07:36.403741" elapsed="0.000411"/>
</kw>
<kw name="Fill Text" owner="Browser">
<msg time="2026-03-20T10:07:36.404609" level="INFO">Fills the text 'ARCH' in the given field.</msg>
<arg>input[type='text'] &gt;&gt; nth=0</arg>
<arg>ARCH</arg>
<tag>PageContent</tag>
<tag>Setter</tag>
<doc>Clears and fills the given ``txt`` into the text field found by ``selector``.</doc>
<status status="PASS" start="2026-03-20T10:07:36.404264" elapsed="0.017617"/>
</kw>
<kw name="Sleep" owner="BuiltIn">
<msg time="2026-03-20T10:07:37.422536" level="INFO">Slept 1 second.</msg>
<arg>1s</arg>
<doc>Pauses the test executed for the given time.</doc>
<status status="PASS" start="2026-03-20T10:07:36.422079" elapsed="1.000603"/>
</kw>
<kw name="Wait For Elements State" owner="Browser">
<msg time="2026-03-20T10:07:47.474390" level="INFO" html="true">&lt;/td&gt;&lt;/tr&gt;&lt;tr&gt;&lt;td colspan="3"&gt;&lt;a href="browser/screenshot/fail-screenshot-19.png" target="_blank"&gt;&lt;img src="browser/screenshot/fail-screenshot-19.png" width="800px"/&gt;&lt;/a&gt;</msg>
<msg time="2026-03-20T10:07:47.474544" level="INFO">See also file:///home/oderid/Documents/Vibe/sarvaja/platform/results/robot/playwright-log.txt for additional details.</msg>
<msg time="2026-03-20T10:07:47.474664" level="FAIL">TimeoutError: locator.waitFor: Timeout 10000ms exceeded.
Call log:
  - waiting for locator('text=/\\d+ rules loaded/') to be visible
</msg>
<arg>text=/\\d+ rules loaded/</arg>
<arg>visible</arg>
<arg>timeout=${ELEMENT_TIMEOUT}</arg>
<tag>PageContent</tag>
<tag>Wait</tag>
<doc>Waits for the element found by ``selector`` to satisfy state option.</doc>
<status status="FAIL" start="2026-03-20T10:07:37.422889" elapsed="10.052847">TimeoutError: locator.waitFor: Timeout 10000ms exceeded.
Call log:
  - waiting for locator('text=/\\d+ rules loaded/') to be visible
</status>
</kw>
<doc>Rules search input can receive text</doc>
<tag>browser</tag>
<tag>e2e</tag>
<tag>functional</tag>
<tag>rules</tag>
<tag>search</tag>
<tag>TEST-BDD-01-v1</tag>
<tag>ui</tag>
<tag>views</tag>
<status status="FAIL" start="2026-03-20T10:07:33.504956" elapsed="13.970935">TimeoutError: locator.waitFor: Timeout 10000ms exceeded.
Call log:
  - waiting for locator('text=/\\d+ rules loaded/') to be visible
</status>
</test>
<test id="s1-s3-t21" name="Navigate All Major Views In Sequence" line="192">
<kw name="Navigate To Dashboard Home" owner="browser" type="SETUP">
<kw name="Go To" owner="Browser">
<msg time="2026-03-20T10:07:47.492858" level="INFO">Successfully opened URL http://localhost:8081</msg>
<arg>${DASHBOARD_URL}</arg>
<tag>BrowserControl</tag>
<tag>Setter</tag>
<doc>Navigates to the given ``url``.</doc>
<status status="PASS" start="2026-03-20T10:07:47.477930" elapsed="0.015312"/>
</kw>
<kw name="Reload" owner="Browser">
<msg time="2026-03-20T10:07:47.507688" level="INFO">Reloaded page with options: {"waitUntil": "load"}</msg>
<tag>BrowserControl</tag>
<tag>Setter</tag>
<doc>Reloads current active page.</doc>
<status status="PASS" start="2026-03-20T10:07:47.493519" elapsed="0.014435"/>
</kw>
<kw name="Wait For Elements State" owner="Browser">
<msg time="2026-03-20T10:07:47.833787" level="INFO">Waited for Element with selector [data-testid='app-bar'] &gt;&gt; text=Sarvaja Governance Dashboard at state visible</msg>
<arg>${APP_BAR_TITLE}</arg>
<arg>visible</arg>
<arg>timeout=20s</arg>
<tag>PageContent</tag>
<tag>Wait</tag>
<doc>Waits for the element found by ``selector`` to satisfy state option.</doc>
<status status="PASS" start="2026-03-20T10:07:47.508172" elapsed="0.326003"/>
</kw>
<kw name="Dismiss Vuetify Overlays" owner="browser">
<kw name="Sleep" owner="BuiltIn">
<msg time="2026-03-20T10:07:48.135397" level="INFO">Slept 300 milliseconds.</msg>
<arg>300ms</arg>
<doc>Pauses the test executed for the given time.</doc>
<status status="PASS" start="2026-03-20T10:07:47.835013" elapsed="0.300542"/>
</kw>
<kw name="Evaluate JavaScript" owner="Browser">
<msg time="2026-03-20T10:07:48.141497" level="INFO">JavaScript executed successfully.</msg>
<arg>${None}</arg>
<arg>() =&gt; {</arg>
<arg>document.querySelectorAll('.v-overlay:not(.v-dialog) &gt; .v-overlay__scrim').forEach(el =&gt; {</arg>
<arg>el.style.pointerEvents = 'none';</arg>
<arg>});</arg>
<arg>}</arg>
<tag>Getter</tag>
<tag>PageContent</tag>
<tag>Setter</tag>
<doc>Executes given javascript on the selected element(s) or on page.</doc>
<status status="PASS" start="2026-03-20T10:07:48.135921" elapsed="0.005778"/>
</kw>
<doc>Safety net: remove any residual overlay scrims.
GAP-OVERLAY-SCRIM: Root cause fixed in dashboard (VOverlay
replaced with non-blocking VProgressLinear + CSS pointer-events).</doc>
<status status="PASS" start="2026-03-20T10:07:47.834566" elapsed="0.307265"/>
</kw>
<doc>Navigate to dashboard and wait for app init</doc>
<status status="PASS" start="2026-03-20T10:07:47.477717" elapsed="0.664186"/>
</kw>
<kw name="Click" owner="Browser">
<msg time="2026-03-20T10:07:48.142579" level="INFO">Clicks the element '[data-testid='nav-rules']'.</msg>
<arg>[data-testid='nav-rules']</arg>
<tag>PageContent</tag>
<tag>Setter</tag>
<doc>Simulates mouse click on the element found by ``selector``.</doc>
<status status="PASS" start="2026-03-20T10:07:48.142071" elapsed="0.031217"/>
</kw>
<kw name="Sleep" owner="BuiltIn">
<msg time="2026-03-20T10:07:50.173920" level="INFO">Slept 2 seconds.</msg>
<arg>2s</arg>
<doc>Pauses the test executed for the given time.</doc>
<status status="PASS" start="2026-03-20T10:07:48.173478" elapsed="2.000586"/>
</kw>
<kw name="Click" owner="Browser">
<msg time="2026-03-20T10:07:50.174988" level="INFO">Clicks the element '[data-testid='nav-decisions']'.</msg>
<arg>[data-testid='nav-decisions']</arg>
<tag>PageContent</tag>
<tag>Setter</tag>
<doc>Simulates mouse click on the element found by ``selector``.</doc>
<status status="PASS" start="2026-03-20T10:07:50.174281" elapsed="0.038877"/>
</kw>
<kw name="Sleep" owner="BuiltIn">
<msg time="2026-03-20T10:07:52.213990" level="INFO">Slept 2 seconds.</msg>
<arg>2s</arg>
<doc>Pauses the test executed for the given time.</doc>
<status status="PASS" start="2026-03-20T10:07:50.213411" elapsed="2.000739"/>
</kw>
<kw name="Click" owner="Browser">
<msg time="2026-03-20T10:07:52.214999" level="INFO">Clicks the element '[data-testid='nav-agents']'.</msg>
<arg>[data-testid='nav-agents']</arg>
<tag>PageContent</tag>
<tag>Setter</tag>
<doc>Simulates mouse click on the element found by ``selector``.</doc>
<status status="PASS" start="2026-03-20T10:07:52.214401" elapsed="0.036761"/>
</kw>
<kw name="Sleep" owner="BuiltIn">
<msg time="2026-03-20T10:07:54.252149" level="INFO">Slept 2 seconds.</msg>
<arg>2s</arg>
<doc>Pauses the test executed for the given time.</doc>
<status status="PASS" start="2026-03-20T10:07:52.251379" elapsed="2.000963"/>
</kw>
<kw name="Click" owner="Browser">
<msg time="2026-03-20T10:07:54.253694" level="INFO">Clicks the element '[data-testid='nav-tasks']'.</msg>
<arg>[data-testid='nav-tasks']</arg>
<tag>PageContent</tag>
<tag>Setter</tag>
<doc>Simulates mouse click on the element found by ``selector``.</doc>
<status status="PASS" start="2026-03-20T10:07:54.252675" elapsed="0.067719"/>
</kw>
<kw name="Sleep" owner="BuiltIn">
<msg time="2026-03-20T10:07:56.321062" level="INFO">Slept 2 seconds.</msg>
<arg>2s</arg>
<doc>Pauses the test executed for the given time.</doc>
<status status="PASS" start="2026-03-20T10:07:54.320617" elapsed="2.000606"/>
</kw>
<kw name="Click" owner="Browser">
<msg time="2026-03-20T10:07:56.322050" level="INFO">Clicks the element '[data-testid='nav-sessions']'.</msg>
<arg>[data-testid='nav-sessions']</arg>
<tag>PageContent</tag>
<tag>Setter</tag>
<doc>Simulates mouse click on the element found by ``selector``.</doc>
<status status="PASS" start="2026-03-20T10:07:56.321471" elapsed="0.154913"/>
</kw>
<kw name="Sleep" owner="BuiltIn">
<msg time="2026-03-20T10:07:58.477517" level="INFO">Slept 2 seconds.</msg>
<arg>2s</arg>
<doc>Pauses the test executed for the given time.</doc>
<status status="PASS" start="2026-03-20T10:07:56.476737" elapsed="2.000964"/>
</kw>
<kw name="Click" owner="Browser">
<msg time="2026-03-20T10:07:58.478660" level="INFO">Clicks the element '[data-testid='nav-trust']'.</msg>
<arg>[data-testid='nav-trust']</arg>
<tag>PageContent</tag>
<tag>Setter</tag>
<doc>Simulates mouse click on the element found by ``selector``.</doc>
<status status="PASS" start="2026-03-20T10:07:58.477953" elapsed="0.035871"/>
</kw>
<kw name="Sleep" owner="BuiltIn">
<msg time="2026-03-20T10:08:00.514471" level="INFO">Slept 2 seconds.</msg>
<arg>2s</arg>
<doc>Pauses the test executed for the given time.</doc>
<status status="PASS" start="2026-03-20T10:07:58.514012" elapsed="2.000623"/>
</kw>
<kw name="Click" owner="Browser">
<msg time="2026-03-20T10:08:00.515484" level="INFO">Clicks the element '[data-testid='nav-executive']'.</msg>
<arg>[data-testid='nav-executive']</arg>
<tag>PageContent</tag>
<tag>Setter</tag>
<doc>Simulates mouse click on the element found by ``selector``.</doc>
<status status="PASS" start="2026-03-20T10:08:00.514860" elapsed="0.052788"/>
</kw>
<kw name="Sleep" owner="BuiltIn">
<msg time="2026-03-20T10:08:02.568385" level="INFO">Slept 2 seconds.</msg>
<arg>2s</arg>
<doc>Pauses the test executed for the given time.</doc>
<status status="PASS" start="2026-03-20T10:08:00.567848" elapsed="2.000698"/>
</kw>
<kw name="Click" owner="Browser">
<msg time="2026-03-20T10:08:02.569730" level="INFO">Clicks the element '[data-testid='nav-infra']'.</msg>
<arg>[data-testid='nav-infra']</arg>
<tag>PageContent</tag>
<tag>Setter</tag>
<doc>Simulates mouse click on the element found by ``selector``.</doc>
<status status="PASS" start="2026-03-20T10:08:02.568911" elapsed="0.077793"/>
</kw>
<kw name="Wait For Elements State" owner="Browser">
<msg time="2026-03-20T10:08:02.653030" level="INFO">Waited for Element with selector text=Infrastructure Health at state visible</msg>
<arg>text=Infrastructure Health</arg>
<arg>visible</arg>
<arg>timeout=${ELEMENT_TIMEOUT}</arg>
<tag>PageContent</tag>
<tag>Wait</tag>
<doc>Waits for the element found by ``selector`` to satisfy state option.</doc>
<status status="PASS" start="2026-03-20T10:08:02.646949" elapsed="0.006249"/>
</kw>
<kw name="Click" owner="Browser">
<msg time="2026-03-20T10:08:02.653747" level="INFO">Clicks the element '[data-testid='nav-search']'.</msg>
<msg time="2026-03-20T10:08:12.704614" level="INFO" html="true">&lt;/td&gt;&lt;/tr&gt;&lt;tr&gt;&lt;td colspan="3"&gt;&lt;a href="browser/screenshot/fail-screenshot-20.png" target="_blank"&gt;&lt;img src="browser/screenshot/fail-screenshot-20.png" width="800px"/&gt;&lt;/a&gt;</msg>
<msg time="2026-03-20T10:08:12.704757" level="INFO">See also file:///home/oderid/Documents/Vibe/sarvaja/platform/results/robot/playwright-log.txt for additional details.</msg>
<msg time="2026-03-20T10:08:12.704847" level="FAIL">TimeoutError: locator.click: Timeout 10000ms exceeded.
Call log:
  - waiting for locator('[data-testid=\'nav-search\']')
</msg>
<arg>[data-testid='nav-search']</arg>
<tag>PageContent</tag>
<tag>Setter</tag>
<doc>Simulates mouse click on the element found by ``selector``.</doc>
<status status="FAIL" start="2026-03-20T10:08:02.653350" elapsed="10.052432">TimeoutError: locator.click: Timeout 10000ms exceeded.
Call log:
  - waiting for locator('[data-testid=\'nav-search\']')
</status>
</kw>
<kw name="Wait For Elements State" owner="Browser">
<arg>text=Evidence Search</arg>
<arg>visible</arg>
<arg>timeout=${ELEMENT_TIMEOUT}</arg>
<tag>PageContent</tag>
<tag>Wait</tag>
<doc>Waits for the element found by ``selector`` to satisfy state option.</doc>
<status status="NOT RUN" start="2026-03-20T10:08:12.705931" elapsed="0.000067"/>
</kw>
<kw name="Wait For Elements State" owner="Browser">
<arg>${APP_BAR_TITLE}</arg>
<arg>visible</arg>
<tag>PageContent</tag>
<tag>Wait</tag>
<doc>Waits for the element found by ``selector`` to satisfy state option.</doc>
<status status="NOT RUN" start="2026-03-20T10:08:12.706070" elapsed="0.000036"/>
</kw>
<doc>Navigate through all major views without errors</doc>
<tag>browser</tag>
<tag>e2e</tag>
<tag>navigation</tag>
<tag>regression</tag>
<tag>smoke</tag>
<tag>TEST-BDD-01-v1</tag>
<tag>ui</tag>
<tag>views</tag>
<status status="FAIL" start="2026-03-20T10:07:47.477392" elapsed="25.228817">TimeoutError: locator.click: Timeout 10000ms exceeded.
Call log:
  - waiting for locator('[data-testid=\'nav-search\']')
</status>
</test>
<kw name="Close Browser" owner="Browser" type="TEARDOWN">
<msg time="2026-03-20T10:08:12.730819" level="INFO">Closed all browsers</msg>
<arg>ALL</arg>
<tag>BrowserControl</tag>
<tag>Setter</tag>
<doc>Closes the current browser.</doc>
<status status="PASS" start="2026-03-20T10:08:12.707697" elapsed="0.023335"/>
</kw>
<doc>RF-010: Extended View Coverage Tests
Per GAP-UI-AUDIT-002: Cover untested dashboard views
Views: Decisions, Agents detail, Search, Executive
Per ARCH-EBMSF-01-v1: Evidence-based assertions with msg=</doc>
<status status="FAIL" start="2026-03-20T10:05:49.336366" elapsed="143.394751"/>
</suite>
<status status="FAIL" start="2026-03-20T10:01:08.846318" elapsed="423.888850"/>
</suite>
<statistics>
<total>
<stat pass="35" fail="20" skip="5">All Tests</stat>
</total>
<tag>
<stat pass="3" fail="3" skip="0">agents</stat>
<stat pass="0" fail="1" skip="0">bidirectional</stat>
<stat pass="35" fail="20" skip="5">browser</stat>
<stat pass="20" fail="9" skip="0">critical</stat>
<stat pass="20" fail="9" skip="0">dashboard</stat>
<stat pass="7" fail="0" skip="0">decisions</stat>
<stat pass="2" fail="4" skip="1">detail</stat>
<stat pass="35" fail="20" skip="5">e2e</stat>
<stat pass="4" fail="0" skip="0">executive</stat>
<stat pass="1" fail="0" skip="0">filter</stat>
<stat pass="0" fail="1" skip="0">functional</stat>
<stat pass="0" fail="1" skip="1">GAP-UI-SESSION-TASKS-001</stat>
<stat pass="5" fail="0" skip="0">infra</stat>
<stat pass="0" fail="0" skip="1">linked</stat>
<stat pass="1" fail="4" skip="5">medium</stat>
<stat pass="5" fail="4" skip="4">navigation</stat>
<stat pass="1" fail="3" skip="0">pagination</stat>
<stat pass="21" fail="13" skip="5">read</stat>
<stat pass="0" fail="2" skip="4">regression</stat>
<stat pass="0" fail="0" skip="1">roundtrip</stat>
<stat pass="5" fail="2" skip="0">rules</stat>
<stat pass="0" fail="3" skip="0">search</stat>
<stat pass="20" fail="9" skip="0">session</stat>
<stat pass="1" fail="4" skip="5">SESSION-EVID-01-v1</stat>
<stat pass="1" fail="4" skip="5">sessions</stat>
<stat pass="4" fail="3" skip="0">smoke</stat>
<stat pass="2" fail="6" skip="5">tasks</stat>
<stat pass="34" fail="16" skip="0">TEST-BDD-01-v1</stat>
<stat pass="3" fail="0" skip="0">trust</stat>
<stat pass="34" fail="16" skip="0">ui</stat>
<stat pass="14" fail="7" skip="0">views</stat>
</tag>
<suite>
<stat name="Dashboard Browser &amp; Session Task Navigation &amp; Views Coverage" id="s1" pass="35" fail="20" skip="5">Dashboard Browser &amp; Session Task Navigation &amp; Views Coverage</stat>
<stat name="Dashboard Browser" id="s1-s1" pass="20" fail="9" skip="0">Dashboard Browser &amp; Session Task Navigation &amp; Views Coverage.Dashboard Browser</stat>
<stat name="Session Task Navigation" id="s1-s2" pass="1" fail="4" skip="5">Dashboard Browser &amp; Session Task Navigation &amp; Views Coverage.Session Task Navigation</stat>
<stat name="Views Coverage" id="s1-s3" pass="14" fail="7" skip="0">Dashboard Browser &amp; Session Task Navigation &amp; Views Coverage.Views Coverage</stat>
</suite>
</statistics>
<errors>
</errors>
</robot>
